# LogicTest: local

query T
EXPLAIN (PLAN) SELECT 1 FROM system.jobs WHERE FALSE
----
distribution: local
vectorized: true
·
• norows

query T
EXPLAIN (PLAN) SELECT 1 FROM system.jobs WHERE NULL
----
distribution: local
vectorized: true
·
• norows

query T
EXPLAIN (PLAN) SELECT 1 FROM system.jobs WHERE TRUE
----
distribution: local
vectorized: true
·
• render
│
└── • scan
      missing stats
      table: jobs@jobs_status_created_idx
      spans: FULL SCAN

query T
EXPLAIN (PLAN, VERBOSE) SELECT 1 a
----
distribution: local
vectorized: true
·
• values
  columns: (a)
  size: 1 column, 1 row
  row 0, expr 0: 1

query T
EXPLAIN (VERBOSE,PLAN) SELECT 1 a
----
distribution: local
vectorized: true
·
• values
  columns: (a)
  size: 1 column, 1 row
  row 0, expr 0: 1


query T
EXPLAIN (TYPES) SELECT 1 a
----
distribution: local
vectorized: true
·
• values
  columns: (a int)
  size: 1 column, 1 row
  row 0, expr 0: (1)[int]

statement error cannot set EXPLAIN mode more than once
EXPLAIN (PLAN,PLAN) SELECT 1

statement error cannot set EXPLAIN mode more than once
EXPLAIN (PLAN,DISTSQL) SELECT 1

statement error unsupported EXPLAIN option
EXPLAIN (PLAN,UNKNOWN) SELECT 1

statement error could not determine data type of placeholder \$1
EXPLAIN (TYPES) SELECT $1

# TODO(radu): we don't support placeholders with no values.
#query TTTTT colnames
#EXPLAIN (TYPES) SELECT $1::INT AS a
#----
#Tree           Field     Description               Columns          Ordering
#render         ·         ·                         (a int)          a=CONST
# │             render 0  (($1)[string]::INT)[int]  ·                ·
# └── emptyrow  ·         ·                         ()               ·


# Ensure that all relevant statement types can be explained
query T
EXPLAIN CREATE DATABASE foo
----
distribution: local
vectorized: true
·
• create database

query T
EXPLAIN CREATE TABLE foo (x INT)
----
distribution: local
vectorized: true
·
• create table

statement ok
CREATE TABLE foo (x INT)

query T
EXPLAIN CREATE INDEX a ON foo(x)
----
distribution: local
vectorized: true
·
• create index

statement ok
CREATE DATABASE foo

query T
EXPLAIN DROP DATABASE foo
----
distribution: local
vectorized: true
·
• drop database

# explain SHOW JOBS - beware to test this before the CREATE INDEX
# below, otherwise the result becomes non-deterministic.
# Migrations with backfill will affect the number of rows.
query T
SELECT * FROM [EXPLAIN SHOW JOBS] WHERE info NOT LIKE '%size%' AND info NOT LIKE '%filter%'
----
distribution: local
vectorized: true
·
• sort
│ order: -column18,-started
│
└── • render
    │
        │
        └── • virtual table
              table: jobs@primary

statement ok
CREATE INDEX a ON foo(x)

query T
EXPLAIN DROP INDEX foo@a
----
distribution: local
vectorized: true
·
• drop index

query T
EXPLAIN ALTER TABLE foo ADD COLUMN y INT
----
distribution: local
vectorized: true
·
• alter table

query T
EXPLAIN (VERBOSE) ALTER TABLE foo SPLIT AT VALUES (42)
----
distribution: local
vectorized: true
·
• split
│ columns: (key, pretty, split_enforced_until)
│ estimated row count: 10 (missing stats)
│
└── • values
      columns: (column1)
      size: 1 column, 1 row
      row 0, expr 0: 42

query T
EXPLAIN DROP TABLE foo
----
distribution: local
vectorized: true
·
• drop table

query T
EXPLAIN SHOW DATABASES
----
distribution: local
vectorized: true
·
• sort
│ order: +name
│
└── • virtual table
      table: databases@primary

query T
SELECT * FROM [EXPLAIN SHOW TABLES] WHERE info NOT LIKE '%size%'
----
distribution: local
vectorized: true
·
• sort
│ order: +nspname,+relname
│
└── • render
    │
    └── • hash join (left outer)
        │ equality: (column79) = (table_id)
        │
        ├── • render
        │   │
        │   └── • hash join (left outer)
        │       │ equality: (column61) = (table_id)
        │       │
        │       ├── • render
        │       │   │
        │       │   └── • hash join (right outer)
        │       │       │ equality: (oid) = (relowner)
        │       │       │
        │       │       ├── • virtual table
        │       │       │     table: pg_roles@primary
        │       │       │
        │       │       └── • hash join
        │       │           │ equality: (oid) = (relnamespace)
        │       │           │
        │       │           ├── • filter
        │       │           │   │ filter: nspname NOT IN ('crdb_internal', 'information_schema', 'pg_catalog', 'pg_extension')
        │       │           │   │
        │       │           │   └── • virtual table
        │       │           │         table: pg_namespace@primary
        │       │           │
        │       │           └── • filter
        │       │               │ filter: relkind IN ('S', 'm', 'r', 'v')
        │       │               │
        │       │               └── • virtual table
        │       │                     table: pg_class@primary
        │       │
        │       └── • virtual table
        │             table: table_row_statistics@primary
        │
        └── • virtual table
              table: tables@primary


query T
SELECT * FROM [EXPLAIN SHOW TABLES WITH COMMENT] WHERE info NOT LIKE '%size%'
----
distribution: local
vectorized: true
·
• sort
│ order: +nspname,+relname
│
└── • render
    │
    └── • hash join (left outer)
        │ equality: (column84) = (table_id)
        │
        ├── • render
        │   │
        │   └── • hash join (left outer)
        │       │ equality: (column66) = (table_id)
        │       │
        │       ├── • render
        │       │   │
        │       │   └── • hash join (right outer)
        │       │       │ equality: (oid) = (relowner)
        │       │       │
        │       │       ├── • virtual table
        │       │       │     table: pg_roles@primary
        │       │       │
        │       │       └── • hash join
        │       │           │ equality: (oid) = (relnamespace)
        │       │           │
        │       │           ├── • filter
        │       │           │   │ filter: nspname NOT IN ('crdb_internal', 'information_schema', 'pg_catalog', 'pg_extension')
        │       │           │   │
        │       │           │   └── • virtual table
        │       │           │         table: pg_namespace@primary
        │       │           │
        │       │           └── • hash join (left outer)
        │       │               │ equality: (oid) = (objoid)
        │       │               │
        │       │               ├── • filter
        │       │               │   │ filter: relkind IN ('S', 'm', 'r', 'v')
        │       │               │   │
        │       │               │   └── • virtual table
        │       │               │         table: pg_class@primary
        │       │               │
        │       │               └── • filter
        │       │                   │ filter: objsubid = 0
        │       │                   │
        │       │                   └── • virtual table
        │       │                         table: pg_description@primary
        │       │
        │       └── • virtual table
        │             table: table_row_statistics@primary
        │
        └── • virtual table
              table: tables@primary

query T
SELECT * FROM [EXPLAIN SHOW DATABASE] WHERE info NOT LIKE '%size%'
----
distribution: local
vectorized: true
·
• filter
│ filter: variable = 'database'
│
└── • virtual table
      table: session_variables@primary

query T
SELECT * FROM [EXPLAIN SHOW SCHEMAS] WHERE info NOT LIKE '%size%'
----
distribution: local
vectorized: true
·
• sort
│ order: +nspname
│
└── • hash join (right outer)
    │ equality: (oid) = (nspowner)
    │
    ├── • virtual table
    │     table: pg_roles@primary
    │
    └── • hash join
        │ equality: (nspname) = (schema_name)
        │
        ├── • virtual table
        │     table: pg_namespace@primary
        │
        └── • filter
            │ filter: catalog_name = 'test'
            │
            └── • virtual table
                  table: schemata@primary

query T
SELECT * FROM [EXPLAIN SHOW TIME ZONE] WHERE info NOT LIKE '%size%'
----
distribution: local
vectorized: true
·
• filter
│ filter: variable = 'timezone'
│
└── • virtual table
      table: session_variables@primary

query T
SELECT * FROM [EXPLAIN SHOW DEFAULT_TRANSACTION_ISOLATION] WHERE info NOT LIKE '%size%'
----
distribution: local
vectorized: true
·
• filter
│ filter: variable = 'default_transaction_isolation'
│
└── • virtual table
      table: session_variables@primary

query T
SELECT * FROM [EXPLAIN SHOW DEFAULT_TRANSACTION_PRIORITY] WHERE info NOT LIKE '%size%'
----
distribution: local
vectorized: true
·
• filter
│ filter: variable = 'default_transaction_priority'
│
└── • virtual table
      table: session_variables@primary

query T
SELECT * FROM [EXPLAIN SHOW DEFAULT_TRANSACTION_USE_FOLLOWER_READS] WHERE info NOT LIKE '%size%'
----
distribution: local
vectorized: true
·
• filter
│ filter: variable = 'default_transaction_use_follower_reads'
│
└── • virtual table
      table: session_variables@primary

query T
SELECT * FROM [EXPLAIN SHOW TRANSACTION ISOLATION LEVEL] WHERE info NOT LIKE '%size%'
----
distribution: local
vectorized: true
·
• filter
│ filter: variable = 'transaction_isolation'
│
└── • virtual table
      table: session_variables@primary

query T
SELECT * FROM [EXPLAIN SHOW TRANSACTION PRIORITY] WHERE info NOT LIKE '%size%'
----
distribution: local
vectorized: true
·
• filter
│ filter: variable = 'transaction_priority'
│
└── • virtual table
      table: session_variables@primary

query T
EXPLAIN SHOW COLUMNS FROM foo
----
distribution: local
vectorized: true
·
• sort
│ order: +ordinal_position,+column_name,+crdb_sql_type,+is_nullable,+column_default,+generation_expression,+indices,+is_hidden
│
└── • render
    │
    └── • group
        │ group by: column_name, ordinal_position, column_default, is_nullable, generation_expression, is_hidden, crdb_sql_type
        │
        └── • window
            │
            └── • hash join (left outer)
                │ equality: (column_name) = (column_name)
                │
                ├── • filter
                │   │ filter: ((table_catalog = 'test') AND (table_schema = 'public')) AND (table_name = 'foo')
                │   │
                │   └── • virtual table
                │         table: columns@primary
                │
                └── • filter
                    │ filter: ((table_catalog = 'test') AND (table_schema = 'public')) AND (table_name = 'foo')
                    │
                    └── • virtual table
                          table: statistics@primary

query T
SELECT * FROM [EXPLAIN SHOW GRANTS ON foo] WHERE info NOT LIKE '%size%'
----
distribution: local
vectorized: true
·
• sort
│ order: +grantee,+privilege_type
│
└── • filter
    │ filter: (table_catalog, table_schema, table_name) IN (('test', 'public', 'foo'),)
    │
    └── • virtual table
          table: table_privileges@primary

query T
EXPLAIN SHOW INDEX FROM foo
----
distribution: local
vectorized: true
·
• sort
│ order: +index_name,+non_unique,+seq_in_index,+column_name,+direction,+storing,+implicit
│
└── • render
    │
    └── • filter
        │ filter: ((table_catalog = 'test') AND (table_schema = 'public')) AND (table_name = 'foo')
        │
        └── • virtual table
              table: statistics@primary

query T
EXPLAIN SHOW CONSTRAINTS FROM foo
----
distribution: local
vectorized: true
·
• sort
│ order: +conname,+constraint_type,+condef,+convalidated
│
└── • render
    │
    └── • hash join
        │ equality: (relnamespace) = (oid)
        │
        ├── • virtual table lookup join
        │   │ table: pg_constraint@pg_constraint_conrelid_idx
        │   │ equality: (oid) = (conrelid)
        │   │
        │   └── • filter
        │       │ filter: relname = 'foo'
        │       │
        │       └── • virtual table
        │             table: pg_class@primary
        │
        └── • filter
            │ filter: nspname = 'public'
            │
            └── • virtual table
                  table: pg_namespace@primary

query T
EXPLAIN SHOW USERS
----
distribution: local
vectorized: true
·
• sort
│ order: +username
│
└── • render
    │
    └── • group
        │ group by: username
        │
        └── • sort
            │ order: +role
            │
            └── • hash join (left outer)
                │ equality: (username) = (member)
                │ left cols are key
                │
                ├── • group
                │   │ group by: username
                │   │
                │   └── • window
                │       │
                │       └── • render
                │           │
                │           └── • merge join (left outer)
                │               │ equality: (username) = (username)
                │               │ left cols are key
                │               │
                │               ├── • scan
                │               │     missing stats
                │               │     table: users@primary
                │               │     spans: FULL SCAN
                │               │
                │               └── • scan
                │                     missing stats
                │                     table: role_options@primary
                │                     spans: FULL SCAN
                │
                └── • scan
                      missing stats
                      table: role_members@role_members_role_idx
                      spans: FULL SCAN

# EXPLAIN selecting from a sequence.
statement ok
CREATE SEQUENCE select_test

query T
EXPLAIN (VERBOSE) SELECT * FROM select_test
----
distribution: local
vectorized: true
·
• sequence select
  columns: (last_value, log_cnt, is_called)
  estimated row count: 1

query T
EXPLAIN (VERBOSE) SELECT @1 FROM select_test
----
distribution: local
vectorized: true
·
• render
│ columns: ("?column?")
│ estimated row count: 1
│ render ?column?: last_value
│
└── • sequence select
      columns: (last_value, log_cnt, is_called)
      estimated row count: 1

statement ok
CREATE TABLE t (
  k INT PRIMARY KEY,
  v INT,
  FAMILY "primary" (k, v)
)

query T
EXPLAIN INSERT INTO t VALUES (1, 2)
----
distribution: local
vectorized: true
·
• insert fast path
  into: t(k, v)
  auto commit
  size: 2 columns, 1 row

statement ok
INSERT INTO t VALUES (1, 2)

query T
EXPLAIN SELECT * FROM t
----
distribution: local
vectorized: true
·
• scan
  missing stats
  table: t@primary
  spans: FULL SCAN

query T
EXPLAIN (VERBOSE) SELECT * FROM t
----
distribution: local
vectorized: true
·
• scan
  columns: (k, v)
  estimated row count: 1,000 (missing stats)
  table: t@primary
  spans: FULL SCAN

query T
EXPLAIN SELECT * FROM t WHERE k = 1 OR k = 3
----
distribution: local
vectorized: true
·
• scan
  missing stats
  table: t@primary
  spans: [/1 - /1] [/3 - /3]

statement ok
CREATE TABLE t2 (x INT PRIMARY KEY)

query T
EXPLAIN (PLAN) SELECT * FROM t INNER LOOKUP JOIN t2 ON t.k = t2.x
----
distribution: local
vectorized: true
·
• lookup join
│ table: t2@primary
│ equality: (k) = (x)
│ equality cols are key
│
└── • scan
      missing stats
      table: t@primary
      spans: FULL SCAN

query T
EXPLAIN (VERBOSE) SELECT * FROM t WHERE k % 2 = 0
----
distribution: local
vectorized: true
·
• filter
│ columns: (k, v)
│ estimated row count: 333 (missing stats)
│ filter: (k % 2) = 0
│
└── • scan
      columns: (k, v)
      estimated row count: 1,000 (missing stats)
      table: t@primary
      spans: FULL SCAN

query T
EXPLAIN VALUES (1, 2, 3), (4, 5, 6)
----
distribution: local
vectorized: true
·
• values
  size: 3 columns, 2 rows

query T
EXPLAIN VALUES (1)
----
distribution: local
vectorized: true
·
• values
  size: 1 column, 1 row

query T
EXPLAIN (VERBOSE) SELECT * FROM t WITH ORDINALITY LIMIT 1 OFFSET 1
----
distribution: local
vectorized: true
·
• limit
│ columns: (k, v, "ordinality")
│ estimated row count: 1 (missing stats)
│ offset: 1
│
└── • ordinality
    │ columns: (k, v, "ordinality")
    │ estimated row count: 2 (missing stats)
    │
    └── • scan
          columns: (k, v)
          estimated row count: 2 (missing stats)
          table: t@primary
          spans: LIMITED SCAN
          limit: 2

query T
EXPLAIN SELECT DISTINCT v FROM t
----
distribution: local
vectorized: true
·
• distinct
│ distinct on: v
│
└── • scan
      missing stats
      table: t@primary
      spans: FULL SCAN

query T
EXPLAIN (VERBOSE) SELECT DISTINCT v FROM t LIMIT 1 OFFSET 1
----
distribution: local
vectorized: true
·
• limit
│ columns: (v)
│ estimated row count: 1 (missing stats)
│ offset: 1
│
└── • limit
    │ columns: (v)
    │ estimated row count: 2 (missing stats)
    │ count: 2
    │
    └── • distinct
        │ columns: (v)
        │ estimated row count: 100 (missing stats)
        │ distinct on: v
        │
        └── • scan
              columns: (v)
              estimated row count: 1,000 (missing stats)
              table: t@primary
              spans: FULL SCAN

statement ok
CREATE TABLE tc (a INT, b INT, INDEX c(a), FAMILY "primary" (a, b, rowid))

query T
EXPLAIN (VERBOSE) SELECT * FROM tc WHERE a = 10 ORDER BY b
----
distribution: local
vectorized: true
·
• sort
│ columns: (a, b)
│ ordering: +b
│ estimated row count: 10 (missing stats)
│ order: +b
│
└── • index join
    │ columns: (a, b)
    │ estimated row count: 10 (missing stats)
    │ table: tc@primary
    │ key columns: rowid
    │
    └── • scan
          columns: (a, rowid)
          estimated row count: 10 (missing stats)
          table: tc@c
          spans: /10-/11

query T
EXPLAIN (TYPES) INSERT INTO t VALUES (1, 2)
----
distribution: local
vectorized: true
·
• insert fast path
  columns: ()
  estimated row count: 0 (missing stats)
  into: t(k, v)
  auto commit
  size: 2 columns, 1 row
  row 0, expr 0: (1)[int]
  row 0, expr 1: (2)[int]

query T
EXPLAIN (TYPES) SELECT 42 AS a
----
distribution: local
vectorized: true
·
• values
  columns: (a int)
  size: 1 column, 1 row
  row 0, expr 0: (42)[int]

query T
EXPLAIN (TYPES) SELECT * FROM t
----
distribution: local
vectorized: true
·
• scan
  columns: (k int, v int)
  estimated row count: 1,000 (missing stats)
  table: t@primary
  spans: FULL SCAN

query T
EXPLAIN (TYPES,VERBOSE) SELECT k FROM t
----
distribution: local
vectorized: true
·
• scan
  columns: (k int)
  estimated row count: 1,000 (missing stats)
  table: t@primary
  spans: FULL SCAN

query T
EXPLAIN (TYPES) SELECT * FROM t WHERE v > 123
----
distribution: local
vectorized: true
·
• filter
│ columns: (k int, v int)
│ estimated row count: 333 (missing stats)
│ filter: ((v)[int] > (123)[int])[bool]
│
└── • scan
      columns: (k int, v int)
      estimated row count: 1,000 (missing stats)
      table: t@primary
      spans: FULL SCAN

query T
EXPLAIN (TYPES) VALUES (1, 2, 3), (4, 5, 6)
----
distribution: local
vectorized: true
·
• values
  columns: (column1 int, column2 int, column3 int)
  size: 3 columns, 2 rows
  row 0, expr 0: (1)[int]
  row 0, expr 1: (2)[int]
  row 0, expr 2: (3)[int]
  row 1, expr 0: (4)[int]
  row 1, expr 1: (5)[int]
  row 1, expr 2: (6)[int]

query T
EXPLAIN (TYPES) SELECT 2*count(k) as z, v FROM t WHERE v>123 GROUP BY v HAVING v<2 AND count(k)>1
----
distribution: local
vectorized: true
·
• render
│ columns: (z int, v int)
│ estimated row count: 0
│ render z: ((count)[int] * (2)[int])[int]
│ render v: (v)[int]
│
└── • norows
      columns: (v int, count int)

query T
EXPLAIN (TYPES) DELETE FROM t WHERE v > 1
----
distribution: local
vectorized: true
·
• delete
│ columns: ()
│ estimated row count: 0 (missing stats)
│ from: t
│ auto commit
│
└── • project
    │ columns: (k int)
    │
    └── • filter
        │ columns: (k int, v int)
        │ estimated row count: 333 (missing stats)
        │ filter: ((v)[int] > (1)[int])[bool]
        │
        └── • scan
              columns: (k int, v int)
              estimated row count: 1,000 (missing stats)
              table: t@primary
              spans: FULL SCAN

query T
EXPLAIN (TYPES) UPDATE t SET v = k + 1 WHERE v > 123
----
distribution: local
vectorized: true
·
• update
│ columns: ()
│ estimated row count: 0 (missing stats)
│ table: t
│ set: v
│ auto commit
│
└── • render
    │ columns: (k int, v int, v_new int)
    │ estimated row count: 333 (missing stats)
    │ render v_new: ((k)[int] + (1)[int])[int]
    │ render k: (k)[int]
    │ render v: (v)[int]
    │
    └── • filter
        │ columns: (k int, v int)
        │ estimated row count: 333 (missing stats)
        │ filter: ((v)[int] > (123)[int])[bool]
        │
        └── • scan
              columns: (k int, v int)
              estimated row count: 1,000 (missing stats)
              table: t@primary
              spans: FULL SCAN

query T
EXPLAIN (TYPES) VALUES (1) UNION VALUES (2)
----
distribution: local
vectorized: true
·
• union
│ columns: (column1 int)
│ estimated row count: 2
│
├── • values
│     columns: (column1 int)
│     size: 1 column, 1 row
│     row 0, expr 0: (1)[int]
│
└── • values
      columns: (column1 int)
      size: 1 column, 1 row
      row 0, expr 0: (2)[int]

query T
EXPLAIN (TYPES) SELECT DISTINCT k FROM t
----
distribution: local
vectorized: true
·
• scan
  columns: (k int)
  estimated row count: 1,000 (missing stats)
  table: t@primary
  spans: FULL SCAN

query T
EXPLAIN (TYPES) SELECT v FROM t ORDER BY v
----
distribution: local
vectorized: true
·
• sort
│ columns: (v int)
│ ordering: +v
│ estimated row count: 1,000 (missing stats)
│ order: +v
│
└── • scan
      columns: (v int)
      estimated row count: 1,000 (missing stats)
      table: t@primary
      spans: FULL SCAN

query T
EXPLAIN (TYPES) SELECT v FROM t LIMIT 1
----
distribution: local
vectorized: true
·
• scan
  columns: (v int)
  estimated row count: 1 (missing stats)
  table: t@primary
  spans: LIMITED SCAN
  limit: 1

statement ok
CREATE TABLE tt (x INT, y INT, INDEX a(x), INDEX b(y))

query T
EXPLAIN (TYPES) SELECT * FROM tt WHERE x < 10 AND y > 10
----
distribution: local
vectorized: true
·
• filter
│ columns: (x int, y int)
│ estimated row count: 311 (missing stats)
│ filter: ((((x)[int] < (10)[int])[bool]) AND (((y)[int] > (10)[int])[bool]))[bool]
│
└── • scan
      columns: (x int, y int)
      estimated row count: 1,000 (missing stats)
      table: tt@primary
      spans: FULL SCAN

# TODO(radu): we don't support placeholders with no values.
#query TTTTT
#EXPLAIN (TYPES) SELECT $1 + 2 AS a
#----
#render         ·         ·                            (a int)  a=CONST
# │             render 0  (($1)[int] + (2)[int])[int]  ·        ·
# └── emptyrow  ·         ·                            ()       ·

query T
EXPLAIN (TYPES) SELECT abs(2-3) AS a
----
distribution: local
vectorized: true
·
• values
  columns: (a int)
  size: 1 column, 1 row
  row 0, expr 0: (1)[int]

# Check array subscripts (#13811)
query T
EXPLAIN (TYPES) SELECT x[1] FROM (SELECT ARRAY[1,2,3] AS x)
----
distribution: local
vectorized: true
·
• values
  columns: (x int)
  size: 1 column, 1 row
  row 0, expr 0: (1)[int]

query T
EXPLAIN (OPT) SELECT 1 AS r
----
values
 └── (1,)

query T
EXPLAIN (OPT,VERBOSE) SELECT 1 AS r
----
values
 ├── columns: r:1
 ├── cardinality: [1 - 1]
 ├── stats: [rows=1]
 ├── cost: 0.02
 ├── key: ()
 ├── fd: ()-->(1)
 ├── prune: (1)
 └── (1,)

query T
EXPLAIN (OPT,TYPES) SELECT 1 AS r
----
values
 ├── columns: r:1(int!null)
 ├── cardinality: [1 - 1]
 ├── stats: [rows=1]
 ├── cost: 0.02
 ├── key: ()
 ├── fd: ()-->(1)
 ├── prune: (1)
 └── tuple [type=tuple{int}]
      └── const: 1 [type=int]

query T
EXPLAIN (OPT) SELECT * FROM tc WHERE a = 10 ORDER BY b
----
sort
 └── index-join tc
      └── scan tc@c
           └── constraint: /1/3: [/10 - /10]

query T
EXPLAIN (OPT,VERBOSE) SELECT * FROM tc WHERE a = 10 ORDER BY b
----
sort
 ├── columns: a:1 b:2
 ├── stats: [rows=10, distinct(1)=1, null(1)=0]
 ├── cost: 76.7943856
 ├── fd: ()-->(1)
 ├── ordering: +2 opt(1) [actual: +2]
 ├── prune: (2)
 ├── interesting orderings: (+1)
 └── index-join tc
      ├── columns: a:1 b:2
      ├── stats: [rows=10, distinct(1)=1, null(1)=0]
      ├── cost: 75.72
      ├── fd: ()-->(1)
      ├── prune: (2)
      ├── interesting orderings: (+1)
      └── scan tc@c
           ├── columns: a:1 rowid:3
           ├── constraint: /1/3: [/10 - /10]
           ├── stats: [rows=10, distinct(1)=1, null(1)=0]
           ├── cost: 14.81
           ├── key: (3)
           └── fd: ()-->(1)

query T
EXPLAIN (OPT,TYPES) SELECT * FROM tc WHERE a = 10 ORDER BY b
----
sort
 ├── columns: a:1(int!null) b:2(int)
 ├── stats: [rows=10, distinct(1)=1, null(1)=0]
 ├── cost: 76.7943856
 ├── fd: ()-->(1)
 ├── ordering: +2 opt(1) [actual: +2]
 ├── prune: (2)
 ├── interesting orderings: (+1)
 └── index-join tc
      ├── columns: a:1(int!null) b:2(int)
      ├── stats: [rows=10, distinct(1)=1, null(1)=0]
      ├── cost: 75.72
      ├── fd: ()-->(1)
      ├── prune: (2)
      ├── interesting orderings: (+1)
      └── scan tc@c
           ├── columns: a:1(int!null) rowid:3(int!null)
           ├── constraint: /1/3: [/10 - /10]
           ├── stats: [rows=10, distinct(1)=1, null(1)=0]
           ├── cost: 14.81
           ├── key: (3)
           └── fd: ()-->(1)

query T
EXPLAIN (OPT,CATALOG) SELECT * FROM tc WHERE a = 10 ORDER BY b
----
TABLE tc
 ├── a int
 ├── b int
 ├── rowid int not null default (unique_rowid()) [hidden]
 ├── crdb_internal_mvcc_timestamp decimal [hidden] [system]
 ├── tableoid oid [hidden] [system]
 ├── PRIMARY INDEX primary
 │    └── rowid int not null default (unique_rowid()) [hidden]
 └── INDEX c
      ├── a int
      └── rowid int not null default (unique_rowid()) [hidden]
sort
 └── index-join tc
      └── scan tc@c
           └── constraint: /1/3: [/10 - /10]

query T
EXPLAIN (OPT,VERBOSE,CATALOG) SELECT * FROM tc JOIN t ON k=a
----
TABLE tc
 ├── a int
 ├── b int
 ├── rowid int not null default (unique_rowid()) [hidden]
 ├── crdb_internal_mvcc_timestamp decimal [hidden] [system]
 ├── tableoid oid [hidden] [system]
 ├── PRIMARY INDEX primary
 │    └── rowid int not null default (unique_rowid()) [hidden]
 └── INDEX c
      ├── a int
      └── rowid int not null default (unique_rowid()) [hidden]
TABLE t
 ├── k int not null
 ├── v int
 ├── crdb_internal_mvcc_timestamp decimal [hidden] [system]
 ├── tableoid oid [hidden] [system]
 └── PRIMARY INDEX primary
      └── k int not null
inner-join (hash)
 ├── columns: a:1 b:2 k:6 v:7
 ├── multiplicity: left-rows(zero-or-one), right-rows(zero-or-more)
 ├── stats: [rows=990, distinct(1)=99, null(1)=0, distinct(6)=99, null(6)=0]
 ├── cost: 2249.74
 ├── fd: (6)-->(7), (1)==(6), (6)==(1)
 ├── prune: (2,7)
 ├── scan tc
 │    ├── columns: a:1 b:2
 │    ├── stats: [rows=1000, distinct(1)=100, null(1)=10]
 │    ├── cost: 1115.01
 │    ├── prune: (1,2)
 │    ├── interesting orderings: (+1)
 │    └── unfiltered-cols: (1-5)
 ├── scan t
 │    ├── columns: k:6 v:7
 │    ├── stats: [rows=1000, distinct(6)=1000, null(6)=0]
 │    ├── cost: 1094.81
 │    ├── key: (6)
 │    ├── fd: (6)-->(7)
 │    ├── prune: (6,7)
 │    ├── interesting orderings: (+6)
 │    └── unfiltered-cols: (6-9)
 └── filters
      └── k:6 = a:1 [outer=(1,6), constraints=(/1: (/NULL - ]; /6: (/NULL - ]), fd=(1)==(6), (6)==(1)]

query T
EXPLAIN (OPT) SELECT * FROM tc WHERE a + 2 * b > 1 ORDER BY a*b
----
sort
 └── project
      ├── select
      │    ├── scan tc
      │    └── filters
      │         └── (a + (b * 2)) > 1
      └── projections
           └── a * b

query T
EXPLAIN (OPT, VERBOSE) SELECT * FROM tc WHERE a + 2 * b > 1 ORDER BY a*b
----
sort
 ├── columns: a:1 b:2  [hidden: column6:6]
 ├── immutable
 ├── stats: [rows=333.333333]
 ├── cost: 1204.25548
 ├── fd: (1,2)-->(6)
 ├── ordering: +6
 ├── prune: (1,2,6)
 ├── interesting orderings: (+1)
 └── project
      ├── columns: column6:6 a:1 b:2
      ├── immutable
      ├── stats: [rows=333.333333]
      ├── cost: 1131.70667
      ├── fd: (1,2)-->(6)
      ├── prune: (1,2,6)
      ├── interesting orderings: (+1)
      ├── select
      │    ├── columns: a:1 b:2
      │    ├── immutable
      │    ├── stats: [rows=333.333333]
      │    ├── cost: 1125.03
      │    ├── interesting orderings: (+1)
      │    ├── scan tc
      │    │    ├── columns: a:1 b:2
      │    │    ├── stats: [rows=1000]
      │    │    ├── cost: 1115.01
      │    │    ├── prune: (1,2)
      │    │    └── interesting orderings: (+1)
      │    └── filters
      │         └── (a:1 + (b:2 * 2)) > 1 [outer=(1,2), immutable]
      └── projections
           └── a:1 * b:2 [as=column6:6, outer=(1,2), immutable]

query T
EXPLAIN (OPT, TYPES) SELECT * FROM tc WHERE a + 2 * b > 1 ORDER BY a*b
----
sort
 ├── columns: a:1(int) b:2(int)  [hidden: column6:6(int)]
 ├── immutable
 ├── stats: [rows=333.333333]
 ├── cost: 1204.25548
 ├── fd: (1,2)-->(6)
 ├── ordering: +6
 ├── prune: (1,2,6)
 ├── interesting orderings: (+1)
 └── project
      ├── columns: column6:6(int) a:1(int) b:2(int)
      ├── immutable
      ├── stats: [rows=333.333333]
      ├── cost: 1131.70667
      ├── fd: (1,2)-->(6)
      ├── prune: (1,2,6)
      ├── interesting orderings: (+1)
      ├── select
      │    ├── columns: a:1(int) b:2(int)
      │    ├── immutable
      │    ├── stats: [rows=333.333333]
      │    ├── cost: 1125.03
      │    ├── interesting orderings: (+1)
      │    ├── scan tc
      │    │    ├── columns: a:1(int) b:2(int)
      │    │    ├── stats: [rows=1000]
      │    │    ├── cost: 1115.01
      │    │    ├── prune: (1,2)
      │    │    └── interesting orderings: (+1)
      │    └── filters
      │         └── gt [type=bool, outer=(1,2), immutable]
      │              ├── plus [type=int]
      │              │    ├── variable: a:1 [type=int]
      │              │    └── mult [type=int]
      │              │         ├── variable: b:2 [type=int]
      │              │         └── const: 2 [type=int]
      │              └── const: 1 [type=int]
      └── projections
           └── mult [as=column6:6, type=int, outer=(1,2), immutable]
                ├── variable: a:1 [type=int]
                └── variable: b:2 [type=int]

query T
EXPLAIN SELECT string_agg(x, y) FROM (VALUES ('foo', 'foo'), ('bar', 'bar')) t(x, y)
----
distribution: local
vectorized: true
·
• group (scalar)
│ estimated row count: 1
│
└── • values
      size: 2 columns, 2 rows

query T
EXPLAIN SELECT corr(a, b) FROM tc;
----
distribution: local
vectorized: true
·
• group (scalar)
│
└── • scan
      missing stats
      table: tc@primary
      spans: FULL SCAN

# Verify that subqueries are handled correctly, namely that we can have
# subqueries outside of the EXPLAINed query.
query IT
WITH
  a AS MATERIALIZED (SELECT max(k) FROM t WHERE k > (SELECT v FROM t WHERE v = k + 1)),
  b AS MATERIALIZED (EXPLAIN SELECT k, v FROM t)
SELECT * FROM a, b
----
NULL  distribution: local
NULL  vectorized: true
NULL  ·
NULL  • scan
NULL    missing stats
NULL    table: t@primary
NULL    spans: FULL SCAN

# Tests with EXPLAIN inside EXPLAIN.
query T
EXPLAIN EXPLAIN SELECT 1
----
distribution: local
vectorized: true
·
• explain

statement error EXPLAIN ANALYZE can only be used as a top-level statement
EXPLAIN (VERBOSE) EXPLAIN ANALYZE (DISTSQL) SELECT 1

# Test a case with many spans.
query T
EXPLAIN SELECT * FROM t WHERE k IN (10, 20, 30, 40, 50, 60, 70, 80)
----
distribution: local
vectorized: true
·
• scan
  missing stats
  table: t@primary
  spans: [/10 - /10] [/20 - /20] [/30 - /30] [/40 - /40] … (4 more)


# UPSERT and INSERT ON CONFLICT include arbiters.

statement ok
CREATE TABLE u (
  k INT PRIMARY KEY,
  v INT,
  UNIQUE INDEX (v),
  FAMILY "primary" (k, v)
)

query T
EXPLAIN UPSERT INTO u VALUES (1, 1)
----
distribution: local
vectorized: true
·
• upsert
│ into: u(k, v)
│ auto commit
│ arbiter indexes: primary
│
└── • cross join (left outer)
    │
    ├── • values
    │     size: 2 columns, 1 row
    │
    └── • scan
          missing stats
          table: u@primary
          spans: [/1 - /1]
          locking strength: for update

query T
EXPLAIN INSERT INTO u VALUES (1, 1) ON CONFLICT DO NOTHING
----
distribution: local
vectorized: true
·
• insert
│ into: u(k, v)
│ auto commit
│ arbiter indexes: primary, u_v_key
│
└── • lookup join (anti)
    │ table: u@u_v_key
    │ equality: (column2) = (v)
    │ equality cols are key
    │
    └── • cross join (anti)
        │
        ├── • values
        │     size: 2 columns, 1 row
        │
        └── • scan
              missing stats
              table: u@primary
              spans: [/1 - /1]

# Make sure EXPLAIN (VERBOSE) works when there is a constrained scan of a
# virtual table (#58193).
statement ok
CREATE TABLE ab (a INT, b INT)

query T
EXPLAIN (VERBOSE) SELECT attnum FROM pg_attribute WHERE attrelid = 'ab'::regclass AND attname = 'b';
----
distribution: local
vectorized: true
·
• project
│ columns: (attnum)
│ estimated row count: 1 (missing stats)
│
└── • filter
    │ columns: (attrelid, attname, attnum)
    │ estimated row count: 1 (missing stats)
    │ filter: attname = 'b'
    │
    └── • virtual table
          columns: (attrelid, attname, attnum)
          estimated row count: 10 (missing stats)
          table: pg_attribute@pg_attribute_attrelid_idx
          spans: [/ab - /ab]


# Verify the output for the percentage of table that is scanned.
statement ok
CREATE TABLE percent (a INT PRIMARY KEY, b INT)

statement ok
ALTER TABLE percent INJECT STATISTICS '[
  {
    "columns": ["a"],
    "created_at": "2018-01-01 1:00:00.00000+00:00",
    "row_count": 1000000,
    "distinct_count": 1000000,
    "histo_buckets": []
  }
]'

query T
EXPLAIN SELECT * FROM percent
----
distribution: local
vectorized: true
·
• scan
  estimated row count: 1,000,000 (100% of the table; stats collected <hidden> ago)
  table: percent@primary
  spans: FULL SCAN

query T
EXPLAIN SELECT * FROM percent WHERE a BETWEEN 1 AND 150000
----
distribution: local
vectorized: true
·
• scan
  estimated row count: 150,000 (15% of the table; stats collected <hidden> ago)
  table: percent@primary
  spans: [/1 - /150000]

query T
EXPLAIN SELECT * FROM percent WHERE a BETWEEN 1 AND 20000
----
distribution: local
vectorized: true
·
• scan
  estimated row count: 20,000 (2.0% of the table; stats collected <hidden> ago)
  table: percent@primary
  spans: [/1 - /20000]

query T
EXPLAIN SELECT * FROM percent WHERE a BETWEEN 1 AND 1234
----
distribution: local
vectorized: true
·
• scan
  estimated row count: 1,234 (0.12% of the table; stats collected <hidden> ago)
  table: percent@primary
  spans: [/1 - /1234]

query T
EXPLAIN SELECT * FROM percent WHERE a BETWEEN 1 AND 980
----
distribution: local
vectorized: true
·
• scan
  estimated row count: 980 (0.10% of the table; stats collected <hidden> ago)
  table: percent@primary
  spans: [/1 - /980]

query T
EXPLAIN SELECT * FROM percent WHERE a BETWEEN 1 and 100
----
distribution: local
vectorized: true
·
• scan
  estimated row count: 100 (0.01% of the table; stats collected <hidden> ago)
  table: percent@primary
  spans: [/1 - /100]

query T
EXPLAIN SELECT * FROM percent WHERE a BETWEEN 1 and 99
----
distribution: local
vectorized: true
·
• scan
  estimated row count: 99 (<0.01% of the table; stats collected <hidden> ago)
  table: percent@primary
  spans: [/1 - /99]

query T
EXPLAIN SELECT * FROM percent WHERE a = 1
----
distribution: local
vectorized: true
·
• scan
  estimated row count: 1 (<0.01% of the table; stats collected <hidden> ago)
  table: percent@primary
  spans: [/1 - /1]

# Regression test for #61248: insert fast path with no rows.
query T
EXPLAIN INSERT INTO t2 SELECT x FROM t2 WHERE false
----
distribution: local
vectorized: true
·
• insert fast path
  into: t2(x)
  auto commit
