# LogicTest: 5node

statement ok
CREATE TABLE abc (a INT, b INT, c INT, PRIMARY KEY (a, c))

statement ok
CREATE TABLE def (d INT, e INT, f INT, PRIMARY KEY (f, e))

# Set up the statistics as if the first table is much smaller than the second.
# This will make lookup join into the second table be the best plan.
statement ok
ALTER TABLE abc INJECT STATISTICS '[
  {
    "columns": ["a"],
    "created_at": "2018-01-01 1:00:00.00000+00:00",
    "row_count": 100,
    "distinct_count": 100
  }
]'

statement ok
ALTER TABLE def INJECT STATISTICS '[
  {
    "columns": ["f"],
    "created_at": "2018-01-01 1:00:00.00000+00:00",
    "row_count": 10000,
    "distinct_count": 10000
  }
]'

query T
EXPLAIN (VERBOSE) SELECT * FROM abc JOIN def ON f = b
----
distribution: full
vectorized: true
·
• lookup join (inner)
│ columns: (a, b, c, d, e, f)
│ estimated row count: 99
│ table: def@primary
│ equality: (b) = (f)
│
└── • scan
      columns: (a, b, c)
      estimated row count: 100 (100% of the table; stats collected <hidden> ago)
      table: abc@primary
      spans: FULL SCAN

query T
EXPLAIN (VERBOSE) SELECT * FROM abc JOIN def ON f = b AND e = c
----
distribution: full
vectorized: true
·
• lookup join (inner)
│ columns: (a, b, c, d, e, f)
│ estimated row count: 0
│ table: def@primary
│ equality: (b, c) = (f,e)
│ equality cols are key
│
└── • scan
      columns: (a, b, c)
      estimated row count: 100 (100% of the table; stats collected <hidden> ago)
      table: abc@primary
      spans: FULL SCAN

query T
EXPLAIN (VERBOSE) SELECT * FROM abc JOIN def ON f = b WHERE a > 1 AND e > 1
----
distribution: full
vectorized: true
·
• lookup join (inner)
│ columns: (a, b, c, d, e, f)
│ estimated row count: 33
│ table: def@primary
│ equality: (b) = (f)
│ pred: e > 1
│
└── • scan
      columns: (a, b, c)
      estimated row count: 33 (33% of the table; stats collected <hidden> ago)
      table: abc@primary
      spans: /2-

query T
EXPLAIN (VERBOSE) SELECT * FROM abc JOIN def ON f = a WHERE f > 1
----
distribution: full
vectorized: true
·
• lookup join (inner)
│ columns: (a, b, c, d, e, f)
│ estimated row count: 33
│ table: def@primary
│ equality: (a) = (f)
│ pred: f > 1
│
└── • scan
      columns: (a, b, c)
      estimated row count: 33 (33% of the table; stats collected <hidden> ago)
      table: abc@primary
      spans: /2-

query T
EXPLAIN (VERBOSE) SELECT * FROM abc JOIN def ON f = b WHERE a >= e
----
distribution: full
vectorized: true
·
• lookup join (inner)
│ columns: (a, b, c, d, e, f)
│ estimated row count: 33
│ table: def@primary
│ equality: (b) = (f)
│ pred: a >= e
│
└── • scan
      columns: (a, b, c)
      estimated row count: 100 (100% of the table; stats collected <hidden> ago)
      table: abc@primary
      spans: FULL SCAN

query T
EXPLAIN (VERBOSE) SELECT * FROM abc JOIN def ON f = b AND a >= e
----
distribution: full
vectorized: true
·
• lookup join (inner)
│ columns: (a, b, c, d, e, f)
│ estimated row count: 33
│ table: def@primary
│ equality: (b) = (f)
│ pred: a >= e
│
└── • scan
      columns: (a, b, c)
      estimated row count: 100 (100% of the table; stats collected <hidden> ago)
      table: abc@primary
      spans: FULL SCAN

# Verify a distsql plan.
statement ok
CREATE TABLE data (a INT, b INT, c INT, d INT, PRIMARY KEY (a, b, c, d))

# Split into ten parts.
statement ok
ALTER TABLE data SPLIT AT SELECT i FROM generate_series(1, 9) AS g(i)

statement ok
ALTER TABLE data INJECT STATISTICS '[
  {
    "columns": ["a"],
    "created_at": "2018-01-01 1:00:00.00000+00:00",
    "row_count": 100000,
    "distinct_count": 100000
  }
]'

# Relocate the ten parts to the five nodes.
statement ok
ALTER TABLE data EXPERIMENTAL_RELOCATE
  SELECT ARRAY[i%5+1], i FROM generate_series(0, 9) AS g(i)

# Verify data placement.
query TTTI colnames,rowsort
SELECT start_key, end_key, replicas, lease_holder from [SHOW RANGES FROM TABLE data]
----
start_key  end_key  replicas  lease_holder
NULL       /1       {1}       1
/1         /2       {2}       2
/2         /3       {3}       3
/3         /4       {4}       4
/4         /5       {5}       5
/5         /6       {1}       1
/6         /7       {2}       2
/7         /8       {3}       3
/8         /9       {4}       4
/9         NULL     {5}       5

query T
EXPLAIN (VERBOSE)
SELECT *
FROM (SELECT * FROM data WHERE c = 1) AS l
NATURAL JOIN (SELECT * FROM data WHERE c > 0) AS r
----
distribution: full
vectorized: true
·
• project
│ columns: (a, b, c, d)
│ estimated row count: 0
│
└── • lookup join (inner)
    │ columns: (a, b, c, d, a, b, c, d)
    │ estimated row count: 0
    │ table: data@primary
    │ equality: (a, b, c, d) = (a,b,c,d)
    │ equality cols are key
    │ pred: c > 0
    │
    └── • filter
        │ columns: (a, b, c, d)
        │ estimated row count: 10
        │ filter: c = 1
        │
        └── • scan
              columns: (a, b, c, d)
              estimated row count: 100,000 (100% of the table; stats collected <hidden> ago)
              table: data@primary
              spans: FULL SCAN

query T
EXPLAIN (DISTSQL)
SELECT *
FROM (SELECT * FROM data WHERE c = 1) AS l
NATURAL JOIN (SELECT * FROM data WHERE c > 0) AS r
----
distribution: full
vectorized: true
·
• lookup join
│ estimated row count: 0
│ table: data@primary
│ equality: (a, b, c, d) = (a,b,c,d)
│ equality cols are key
│ pred: c > 0
│
└── • filter
    │ estimated row count: 10
    │ filter: c = 1
    │
    └── • scan
          estimated row count: 100,000 (100% of the table; stats collected <hidden> ago)
          table: data@primary
          spans: FULL SCAN
·
Diagram: https://cockroachdb.github.io/distsqlplan/decode.html#eJzElV-P0kwYxe_fT_Hkudp9M007_bMLk5iUKBvZYFkBo4lyUelkrXY7ddomGsJ3N22VpQRmKhC8nOmcnvPM7ySzwvx7ggyHHx7Gg1EAV69Gs_ns7fgaZsPx8OUc_oe76eQNXLWXUViE8P71cDqEJbwAeg2DGSQQDObvpoMx3E-qXykkn0rLcjhYtU4iwVREPAifeI7sI1IkaCNBBwm6SNDDBcFMiiXPcyGrI6taMIp-ILMIxmlWFtX2guBSSI5shUVcJBwZzsPPCZ_yMOLStJBgxIswTmqbKpGfyfgplD-R4CwL05yBYVII0wgoiOILl7hYExRl8eyQF-EjR0bXpHuKuzgpuOTS9NoRmn0GvlPdImNsFMx7By3tv7G8F3H6e26qHnwsxLcyg68iTkGkDHxKfJv4DvGry58E4N9ugP2JSHBSFu2jh1I7B1M_hy1TISMuedQKuljvmSsQhshM6u2c3O_ttrxp96rQLlUxqWHaR5RFk2NTlpvzlUVjuV0W9egXLYvdHZjdCZhtmM4RwDQ5NsBuzwdMY7kNTD36RYE53YE5nYA5hukeAUyTYwOsdz5gGsttYOrRLwrM7Q7M7QTMNUzvCGCaHBtg_fMB01huA1OP_s_ezz2ppzzPRJrzTq-jVb2vPHrkzWOci1Iu-YMUy9qmWU5qXb0R8bxovtJmMUqbT1XAbTFVim212FaKnZaY7ooddewbtbWrVHtqsacUa5xvThn6VinuqZ17SnFfLe6fEptqOqYrmbplVFMzelLPqKZorsZc3TSqqRpVd203-2L9368AAAD__3AfaVA=

statement ok
CREATE TABLE books (title STRING, edition INT, shelf INT, PRIMARY KEY (title, edition))

statement ok
CREATE TABLE books2 (title STRING, edition INT, shelf INT, PRIMARY KEY (title, edition))

statement ok
ALTER TABLE books INJECT STATISTICS '[
  {
    "columns": ["title"],
    "created_at": "2018-01-01 1:00:00.00000+00:00",
    "row_count": 100,
    "distinct_count": 100
  }
]'

statement ok
ALTER TABLE books2 INJECT STATISTICS '[
  {
    "columns": ["title"],
    "created_at": "2018-01-01 1:00:00.00000+00:00",
    "row_count": 10000,
    "distinct_count": 1000
  }
]'

query T
EXPLAIN (VERBOSE) SELECT DISTINCT b1.title FROM books as b1 JOIN books2 as b2 ON b1.title = b2.title WHERE b1.shelf <> b2.shelf
----
distribution: full
vectorized: true
·
• distinct
│ columns: (title)
│ estimated row count: 100
│ distinct on: title
│ order key: title
│
└── • project
    │ columns: (title)
    │ ordering: +title
    │
    └── • lookup join (inner)
        │ columns: (title, shelf, title, shelf)
        │ ordering: +title
        │ estimated row count: 327
        │ table: books2@primary
        │ equality: (title) = (title)
        │ pred: shelf != shelf
        │
        └── • scan
              columns: (title, shelf)
              ordering: +title
              estimated row count: 100 (100% of the table; stats collected <hidden> ago)
              table: books@primary
              spans: FULL SCAN

statement ok
CREATE TABLE authors (name STRING, book STRING)

statement ok
ALTER TABLE authors INJECT STATISTICS '[
  {
    "columns": ["name"],
    "created_at": "2018-01-01 1:00:00.00000+00:00",
    "row_count": 100,
    "distinct_count": 100
  }
]'

query T
EXPLAIN (VERBOSE) SELECT DISTINCT authors.name FROM books AS b1, books2 AS b2, authors WHERE b1.title = b2.title AND authors.book = b1.title AND b1.shelf <> b2.shelf
----
distribution: full
vectorized: true
·
• distinct
│ columns: (name)
│ estimated row count: 96
│ distinct on: name
│
└── • project
    │ columns: (name)
    │
    └── • lookup join (inner)
        │ columns: (title, shelf, name, book, title, shelf)
        │ estimated row count: 323
        │ table: books2@primary
        │ equality: (book) = (title)
        │ pred: shelf != shelf
        │
        └── • hash join (inner)
            │ columns: (title, shelf, name, book)
            │ estimated row count: 99
            │ equality: (title) = (book)
            │
            ├── • scan
            │     columns: (title, shelf)
            │     estimated row count: 100 (100% of the table; stats collected <hidden> ago)
            │     table: books@primary
            │     spans: FULL SCAN
            │
            └── • scan
                  columns: (name, book)
                  estimated row count: 100 (100% of the table; stats collected <hidden> ago)
                  table: authors@primary
                  spans: FULL SCAN

# Verify data placement.
query TTTI colnames
SELECT start_key, end_key, replicas, lease_holder from [SHOW RANGES FROM TABLE books]
----
start_key  end_key  replicas  lease_holder
NULL       NULL     {5}       5

query T
EXPLAIN (DISTSQL) SELECT DISTINCT authors.name FROM books AS b1, books2 AS b2, authors WHERE b1.title = b2.title AND authors.book = b1.title AND b1.shelf <> b2.shelf
----
distribution: full
vectorized: true
·
• distinct
│ estimated row count: 96
│ distinct on: name
│
└── • lookup join
    │ estimated row count: 323
    │ table: books2@primary
    │ equality: (book) = (title)
    │ pred: shelf != shelf
    │
    └── • hash join
        │ estimated row count: 99
        │ equality: (title) = (book)
        │
        ├── • scan
        │     estimated row count: 100 (100% of the table; stats collected <hidden> ago)
        │     table: books@primary
        │     spans: FULL SCAN
        │
        └── • scan
              estimated row count: 100 (100% of the table; stats collected <hidden> ago)
              table: authors@primary
              spans: FULL SCAN
·
Diagram: https://cockroachdb.github.io/distsqlplan/decode.html#eJyck9Fv2j4Qx99_f4V_95RIbsFJAClSJaPCVCYWOkDapImHhFwha7Az25E2If73KQldCWpC6ZvPd5-vv3e296B_peDD-PvjdDgJiDWaLJaLr1ObLMbT8f2SFPEkuF-SMDdbqfStCHdIPs1nX0gk5bMmwwWJGK0Cp4wc-lJMvj2M52NiWRG7NYlJkdyRyKmWNhkGI2K9yBZ8kT0W2sd0xG71FtMn8n9JlmsbKAgZYxDuUIP_AxhQ6MGKQqbkGrWWqtjel0WT-Df4XQqJyHJTbK8orKVC8PdQngQ-BPJGZp0-UIjRhElalh0oyNy8QtqEGwR_cKAnwqxdeBlGKc4xjFF1ujV5KOfFM5XsQvUHKCyyUGif3ACFWW58whnlLjS5YB91weoujtO_4MNp9OE0-ng9PhdSxagwPp_v5ZI3mnkI9fazTASqjlPvJcUnY3Fm36lkszUWd-xaD5S7lHuNnbjXTLQwcByo-8a1OifznEr5nGfkp0wEkcIn3CtcBYQ7xZPmg38emy_bu8baKNEmEWvT8erGOGvU731Iv_du_X5N_8JfnKPOpND4rs_YLV4IxhusXpyWuVrjo5Lr8pgqnJVcuRGjNlV2UAUTUaUKg6cwa4XdGszOYecK2DmH3VbYa7fttcK9drjXCvfb4X4r3D2DV4f__gYAAP__TEsXpA==

query T
EXPLAIN (VERBOSE) SELECT a.name FROM authors AS a JOIN books2 AS b2 ON a.book = b2.title ORDER BY a.name
----
distribution: full
vectorized: true
·
• project
│ columns: (name)
│ ordering: +name
│ estimated row count: 990
│
└── • lookup join (inner)
    │ columns: (name, book, title)
    │ ordering: +name
    │ estimated row count: 990
    │ table: books2@primary
    │ equality: (book) = (title)
    │
    └── • sort
        │ columns: (name, book)
        │ ordering: +name
        │ estimated row count: 100
        │ order: +name
        │
        └── • scan
              columns: (name, book)
              estimated row count: 100 (100% of the table; stats collected <hidden> ago)
              table: authors@primary
              spans: FULL SCAN

# Cross joins should not be planned as lookup joins.
query T
EXPLAIN (VERBOSE) SELECT * FROM books CROSS JOIN books2
----
distribution: full
vectorized: true
·
• cross join (inner)
│ columns: (title, edition, shelf, title, edition, shelf)
│ estimated row count: 1,000,000
│
├── • scan
│     columns: (title, edition, shelf)
│     estimated row count: 10,000 (100% of the table; stats collected <hidden> ago)
│     table: books2@primary
│     spans: FULL SCAN
│
└── • scan
      columns: (title, edition, shelf)
      estimated row count: 100 (100% of the table; stats collected <hidden> ago)
      table: books@primary
      spans: FULL SCAN

query T
EXPLAIN (DISTSQL) SELECT * FROM authors INNER JOIN books2 ON books2.edition = 1 WHERE books2.title = authors.book
----
distribution: full
vectorized: true
·
• lookup join
│ table: books2@primary
│ equality: (book, lookup_join_const_col_@7) = (title,edition)
│ equality cols are key
│
└── • render
    │ estimated row count: 100
    │
    └── • scan
          estimated row count: 100 (100% of the table; stats collected <hidden> ago)
          table: authors@primary
          spans: FULL SCAN
·
Diagram: https://cockroachdb.github.io/distsqlplan/decode.html#eJyUkd-L00AQx9_9K4Z5Upm7a1JPZOFgRSPmqMmZFhSkD3vd4VyvtxN3N6CU_u-S5Iqt0KpvmR-fbz7JbDB-X6PC4vPN7HVZwdO35Xwx_zh7BvNiVrxZwHN419QfwHTpq4QIZVUVDVzXZQW3Ivcxh3r3dM7WJSceriCDT--LptgNkktrhqtdyHnfRkIvlivzwBHVF8yQ8BKXhG2QFccooW9vhqXS_kA1IXS-7VLfXhKuJDCqDQ7ZqLCSM2kvciS0nIxbD2tbQunSbygmc8eoplvaC85OBy_M7ZobNpbDxeQgHh-_R7fBPZjwEwnnrfFRwRkSNuwtBwWZUqqsFq8IdEagczxmlf2P1bU4_yiVHUqN_3zPaSZy37XwTZwH8Qr0lHTP1F1SoHPq6xekL0m_POqWH7j95RQNx1Z85H-6xWS7JGR7x-O5o3RhxTdBVsNrxrIeuKFhOaZxOh2L0o-jXnAfzk7C-Wk4PwlP_oCX2ye_AgAA__98nw4O

####################################
#  LOOKUP JOIN ON SECONDARY INDEX  #
####################################

statement ok
CREATE TABLE small (a INT PRIMARY KEY, b INT, c INT, d INT)

statement ok
CREATE TABLE large (a INT, b INT, c INT, d INT, PRIMARY KEY (a, b), INDEX bc (b) STORING (c))

statement ok
ALTER TABLE small SPLIT AT SELECT i FROM generate_series(1, 9) AS g(i)

statement ok
ALTER TABLE small EXPERIMENTAL_RELOCATE
  SELECT ARRAY[i%5+1], i FROM generate_series(0, 9) AS g(i)

statement ok
INSERT INTO small SELECT x, 2*x, 3*x, 4*x FROM
  generate_series(1, 10) AS a(x)

statement ok
ALTER TABLE small INJECT STATISTICS '[
  {
    "columns": ["a"],
    "created_at": "2018-01-01 1:00:00.00000+00:00",
    "row_count": 100,
    "distinct_count": 100
  }
]'

statement ok
ALTER TABLE large INJECT STATISTICS '[
  {
    "columns": ["a"],
    "created_at": "2018-01-01 1:00:00.00000+00:00",
    "row_count": 10000,
    "distinct_count": 10000
  }
]'

# Lookup join on covering secondary index
query T
EXPLAIN (VERBOSE) SELECT small.a, large.c FROM small JOIN large ON small.a = large.b
----
distribution: full
vectorized: true
·
• project
│ columns: (a, c)
│ estimated row count: 1,000
│
└── • lookup join (inner)
    │ columns: (a, b, c)
    │ estimated row count: 1,000
    │ table: large@bc
    │ equality: (a) = (b)
    │
    └── • scan
          columns: (a)
          estimated row count: 100 (100% of the table; stats collected <hidden> ago)
          table: small@primary
          spans: FULL SCAN

# Lookup join on non-covering secondary index
query T
EXPLAIN (VERBOSE) SELECT small.a, large.d FROM small JOIN large ON small.a = large.b
----
distribution: full
vectorized: true
·
• project
│ columns: (a, d)
│ estimated row count: 1,000
│
└── • project
    │ columns: (a, b, d)
    │ estimated row count: 1,000
    │
    └── • lookup join (inner)
        │ columns: (a, a, b, d)
        │ table: large@primary
        │ equality: (a, b) = (a,b)
        │ equality cols are key
        │
        └── • lookup join (inner)
            │ columns: (a, a, b)
            │ estimated row count: 1,000
            │ table: large@bc
            │ equality: (a) = (b)
            │
            └── • scan
                  columns: (a)
                  estimated row count: 100 (100% of the table; stats collected <hidden> ago)
                  table: small@primary
                  spans: FULL SCAN

############################
#  LEFT OUTER LOOKUP JOIN  #
############################

# Left join against primary index
query T
EXPLAIN (VERBOSE) SELECT small.b, large.a FROM small LEFT JOIN large ON small.b = large.a
----
distribution: full
vectorized: true
·
• lookup join (left outer)
│ columns: (b, a)
│ estimated row count: 100
│ table: large@primary
│ equality: (b) = (a)
│
└── • scan
      columns: (b)
      estimated row count: 100 (100% of the table; stats collected <hidden> ago)
      table: small@primary
      spans: FULL SCAN

# Left join should preserve input order.
query T
EXPLAIN (VERBOSE) SELECT t1.a, t2.b FROM small t1 LEFT JOIN large t2 ON t1.a = t2.a AND t2.b % 6 = 0 ORDER BY t1.a
----
distribution: full
vectorized: true
·
• project
│ columns: (a, b)
│ ordering: +a
│ estimated row count: 100
│
└── • lookup join (left outer)
    │ columns: (a, a, b)
    │ ordering: +a
    │ estimated row count: 100
    │ table: large@primary
    │ equality: (a) = (a)
    │ pred: (b % 6) = 0
    │
    └── • scan
          columns: (a)
          ordering: +a
          estimated row count: 100 (100% of the table; stats collected <hidden> ago)
          table: small@primary
          spans: FULL SCAN

query T
EXPLAIN (DISTSQL) SELECT t1.a, t2.b FROM small t1 LEFT JOIN large t2 ON t1.a = t2.a AND t2.b % 6 = 0 ORDER BY t1.a
----
distribution: full
vectorized: true
·
• lookup join (left outer)
│ estimated row count: 100
│ table: large@primary
│ equality: (a) = (a)
│ pred: (b % 6) = 0
│
└── • scan
      estimated row count: 100 (100% of the table; stats collected <hidden> ago)
      table: small@primary
      spans: FULL SCAN
·
Diagram: https://cockroachdb.github.io/distsqlplan/decode.html#eJzMlVFr2zAUhd_3Ky4XBglT6sh20lRQSLe64JLZnePBxsiDGovOm2t5sgIrJf99WC7UKYtt8EveLMnH59zvCt9nLP9kyND7dre68gMYXfvreP1lNYa1t_I-xaDpGSeg7bN7uInCz1A-8iyDqzVoCivvJobb0A8g4-pBmF0bwgBGlQouKxkfw1VwDaOR-cR7mI_hEqZjCKNrL4KP340BEsxlIgL-KEpkP5AiQRsJOkjQRYIz3BAslNyKspSqeuXZCPzkL7IpwTQvdrra3hDcSiWQPaNOdSaQYczvMxEJnghlTZFgIjRPM2NjalkWKn3k6gkJrguelwwmFgWeJ0BB6p9CIcFwpxksKW72BOVOv5qVmj8IZHRP-ge6lWn-kmd2mCd-KgSrqYZfYy8ybJGgodvIuZLy966AXzLNQeYmGcEK-9KpCDPG_CBeGNAvz681kKVztAz7aBmv6aVKhBLJYfAl_YCb_X9qDeREFhY95H7M3jmwp_3bSnu11aITyx7U2I5IjcbOT7mxdn-ydj-y9sRyBpHtiNQge37KZJ3-ZJ1-ZJ2J5Q4i2xGpQXZxymTd_mTdfmTdiTUbRLYjUoPsxSmT7ZhWkSgLmZei1x98Ws0AkTyIemaUcqe24k7JrbGpl6HRmY1ElLo-pfXCz-ujKmBTTFvF9oGYvhXb7c4d1k6r2m0Xu0Nyz1rF83bn-RDn81bxot15McT5or1X045r0n7J3npv9u_-BQAA__8-W3La

# Left join against covering secondary index
query T
EXPLAIN (VERBOSE) SELECT small.c, large.c FROM small LEFT JOIN large ON small.c = large.b
----
distribution: full
vectorized: true
·
• project
│ columns: (c, c)
│ estimated row count: 1,000
│
└── • lookup join (left outer)
    │ columns: (c, b, c)
    │ estimated row count: 1,000
    │ table: large@bc
    │ equality: (c) = (b)
    │
    └── • scan
          columns: (c)
          estimated row count: 100 (100% of the table; stats collected <hidden> ago)
          table: small@primary
          spans: FULL SCAN

# Left join against non-covering secondary index
query T
EXPLAIN (VERBOSE) SELECT small.c, large.d FROM small LEFT JOIN large ON small.c = large.b
----
distribution: full
vectorized: true
·
• project
│ columns: (c, d)
│ estimated row count: 1,000
│
└── • project
    │ columns: (c, b, d)
    │ estimated row count: 1,000
    │
    └── • lookup join (left outer)
        │ columns: (c, a, b, d)
        │ table: large@primary
        │ equality: (a, b) = (a,b)
        │ equality cols are key
        │
        └── • lookup join (left outer)
            │ columns: (c, a, b)
            │ estimated row count: 1,000
            │ table: large@bc
            │ equality: (c) = (b)
            │
            └── • scan
                  columns: (c)
                  estimated row count: 100 (100% of the table; stats collected <hidden> ago)
                  table: small@primary
                  spans: FULL SCAN

# Left join with ON filter on covering index
query T
EXPLAIN (VERBOSE) SELECT small.c, large.c FROM small LEFT JOIN large ON small.c = large.b AND large.c < 20
----
distribution: full
vectorized: true
·
• project
│ columns: (c, c)
│ estimated row count: 336
│
└── • lookup join (left outer)
    │ columns: (c, b, c)
    │ estimated row count: 336
    │ table: large@bc
    │ equality: (c) = (b)
    │ pred: c < 20
    │
    └── • scan
          columns: (c)
          estimated row count: 100 (100% of the table; stats collected <hidden> ago)
          table: small@primary
          spans: FULL SCAN

# Left join with ON filter on non-covering index
# TODO(radu): this doesn't use lookup join yet, the current rules don't cover
# left join with ON condition on columns that are not covered by the index.
query T
EXPLAIN (VERBOSE) SELECT small.c, large.d FROM small LEFT JOIN large ON small.c = large.b AND large.d < 30
----
distribution: full
vectorized: true
·
• project
│ columns: (c, d)
│ estimated row count: 336
│
└── • hash join (right outer)
    │ columns: (b, d, c)
    │ estimated row count: 336
    │ equality: (b) = (c)
    │
    ├── • filter
    │   │ columns: (b, d)
    │   │ estimated row count: 3,303
    │   │ filter: d < 30
    │   │
    │   └── • scan
    │         columns: (b, d)
    │         estimated row count: 10,000 (100% of the table; stats collected <hidden> ago)
    │         table: large@primary
    │         spans: FULL SCAN
    │
    └── • scan
          columns: (c)
          estimated row count: 100 (100% of the table; stats collected <hidden> ago)
          table: small@primary
          spans: FULL SCAN

###########################################################
#  LOOKUP JOINS ON IMPLICIT INDEX KEY COLUMNS             #
#  https://github.com/cockroachdb/cockroach/issues/31777  #
###########################################################
statement ok
CREATE TABLE t (a INT, b INT, c INT, d INT, e INT)

statement ok
CREATE TABLE u (a INT, b INT, c INT, d INT, e INT, PRIMARY KEY (a DESC, b, c))

# Test index with all primary key columns implicit.
statement ok
CREATE INDEX idx ON u (d)

query T
EXPLAIN (VERBOSE) SELECT u.a FROM t JOIN u ON t.d = u.d AND t.a = u.a WHERE t.e = 5
----
distribution: full
vectorized: true
·
• project
│ columns: (a)
│ estimated row count: 1 (missing stats)
│
└── • lookup join (inner)
    │ columns: (a, d, e, a, d)
    │ estimated row count: 1 (missing stats)
    │ table: u@idx
    │ equality: (d, a) = (d,a)
    │
    └── • filter
        │ columns: (a, d, e)
        │ estimated row count: 10 (missing stats)
        │ filter: e = 5
        │
        └── • scan
              columns: (a, d, e)
              estimated row count: 1,000 (missing stats)
              table: t@primary
              spans: FULL SCAN

# Test unique version of same index. (Lookup join should not use column a.)
statement ok
DROP INDEX u@idx

statement ok
CREATE UNIQUE INDEX idx ON u (d)

query T
EXPLAIN (VERBOSE) SELECT u.a FROM t JOIN u ON t.d = u.d AND t.a = u.a WHERE t.e = 5
----
distribution: full
vectorized: true
·
• project
│ columns: (a)
│ estimated row count: 0 (missing stats)
│
└── • lookup join (inner)
    │ columns: (a, d, e, a, d)
    │ estimated row count: 0 (missing stats)
    │ table: u@idx
    │ equality: (d) = (d)
    │ equality cols are key
    │ pred: a = a
    │
    └── • filter
        │ columns: (a, d, e)
        │ estimated row count: 10 (missing stats)
        │ filter: e = 5
        │
        └── • scan
              columns: (a, d, e)
              estimated row count: 1,000 (missing stats)
              table: t@primary
              spans: FULL SCAN

# Test index with first primary key column explicit and the rest implicit.
statement ok
DROP INDEX u@idx CASCADE

statement ok
CREATE INDEX idx ON u (d, a)

query T
EXPLAIN (VERBOSE) SELECT u.a FROM t JOIN u ON t.d = u.d AND t.a = u.a AND t.b = u.b WHERE t.e = 5
----
distribution: full
vectorized: true
·
• project
│ columns: (a)
│ estimated row count: 0 (missing stats)
│
└── • lookup join (inner)
    │ columns: (a, b, d, e, a, b, d)
    │ estimated row count: 0 (missing stats)
    │ table: u@idx
    │ equality: (d, a, b) = (d,a,b)
    │
    └── • filter
        │ columns: (a, b, d, e)
        │ estimated row count: 10 (missing stats)
        │ filter: e = 5
        │
        └── • scan
              columns: (a, b, d, e)
              estimated row count: 1,000 (missing stats)
              table: t@primary
              spans: FULL SCAN

# Test index with middle primary key column explicit and the rest implicit.
statement ok
DROP INDEX u@idx

statement ok
CREATE INDEX idx ON u (d, b)

query T
EXPLAIN (VERBOSE) SELECT u.a FROM t JOIN u ON t.d = u.d AND t.a = u.a AND t.b = u.b WHERE t.e = 5
----
distribution: full
vectorized: true
·
• project
│ columns: (a)
│ estimated row count: 0 (missing stats)
│
└── • lookup join (inner)
    │ columns: (a, b, d, e, a, b, d)
    │ estimated row count: 0 (missing stats)
    │ table: u@idx
    │ equality: (d, b, a) = (d,b,a)
    │
    └── • filter
        │ columns: (a, b, d, e)
        │ estimated row count: 10 (missing stats)
        │ filter: e = 5
        │
        └── • scan
              columns: (a, b, d, e)
              estimated row count: 1,000 (missing stats)
              table: t@primary
              spans: FULL SCAN

# Test index with last primary key column explicit and the rest implicit.
statement ok
DROP INDEX u@idx

statement ok
CREATE INDEX idx ON u (d, c)

query T
EXPLAIN (VERBOSE) SELECT u.a FROM t JOIN u ON t.d = u.d AND t.a = u.a AND t.d = u.d WHERE t.e = 5
----
distribution: full
vectorized: true
·
• project
│ columns: (a)
│ estimated row count: 1 (missing stats)
│
└── • lookup join (inner)
    │ columns: (a, d, e, a, d)
    │ estimated row count: 1 (missing stats)
    │ table: u@idx
    │ equality: (d) = (d)
    │ pred: a = a
    │
    └── • filter
        │ columns: (a, d, e)
        │ estimated row count: 10 (missing stats)
        │ filter: e = 5
        │
        └── • scan
              columns: (a, d, e)
              estimated row count: 1,000 (missing stats)
              table: t@primary
              spans: FULL SCAN

query T
EXPLAIN (VERBOSE) SELECT * FROM def JOIN abc ON a=f ORDER BY a
----
distribution: full
vectorized: true
·
• lookup join (inner)
│ columns: (d, e, f, a, b, c)
│ ordering: +a
│ estimated row count: 100
│ table: def@primary
│ equality: (a) = (f)
│
└── • scan
      columns: (a, b, c)
      ordering: +a
      estimated row count: 100 (100% of the table; stats collected <hidden> ago)
      table: abc@primary
      spans: FULL SCAN

# Test that we don't get a lookup join if we force a merge join.
query T
EXPLAIN (VERBOSE) SELECT * FROM def INNER MERGE JOIN abc ON a=f ORDER BY a
----
distribution: full
vectorized: true
·
• merge join (inner)
│ columns: (d, e, f, a, b, c)
│ ordering: +f
│ estimated row count: 100
│ equality: (f) = (a)
│ merge ordering: +"(f=a)"
│
├── • scan
│     columns: (d, e, f)
│     ordering: +f
│     estimated row count: 10,000 (100% of the table; stats collected <hidden> ago)
│     table: def@primary
│     spans: FULL SCAN
│
└── • scan
      columns: (a, b, c)
      ordering: +a
      estimated row count: 100 (100% of the table; stats collected <hidden> ago)
      table: abc@primary
      spans: FULL SCAN

# Test that we don't get a lookup join if we force a hash join.
query T
EXPLAIN (VERBOSE) SELECT * FROM def INNER HASH JOIN abc ON a=f ORDER BY a
----
distribution: full
vectorized: true
·
• sort
│ columns: (d, e, f, a, b, c)
│ ordering: +f
│ estimated row count: 100
│ order: +f
│
└── • hash join (inner)
    │ columns: (d, e, f, a, b, c)
    │ estimated row count: 100
    │ equality: (f) = (a)
    │
    ├── • scan
    │     columns: (d, e, f)
    │     estimated row count: 10,000 (100% of the table; stats collected <hidden> ago)
    │     table: def@primary
    │     spans: FULL SCAN
    │
    └── • scan
          columns: (a, b, c)
          estimated row count: 100 (100% of the table; stats collected <hidden> ago)
          table: abc@primary
          spans: FULL SCAN

# Test lookup semi and anti join.
query T
EXPLAIN (VERBOSE) SELECT * from abc WHERE EXISTS (SELECT * FROM def WHERE a=f)
----
distribution: full
vectorized: true
·
• lookup join (semi)
│ columns: (a, b, c)
│ estimated row count: 100
│ table: def@primary
│ equality: (a) = (f)
│
└── • scan
      columns: (a, b, c)
      estimated row count: 100 (100% of the table; stats collected <hidden> ago)
      table: abc@primary
      spans: FULL SCAN

query T
EXPLAIN (VERBOSE) SELECT * from abc WHERE NOT EXISTS (SELECT * FROM def WHERE a=f)
----
distribution: full
vectorized: true
·
• lookup join (anti)
│ columns: (a, b, c)
│ estimated row count: 0
│ table: def@primary
│ equality: (a) = (f)
│
└── • scan
      columns: (a, b, c)
      estimated row count: 100 (100% of the table; stats collected <hidden> ago)
      table: abc@primary
      spans: FULL SCAN

query T
EXPLAIN (VERBOSE) SELECT * from abc WHERE EXISTS (SELECT * FROM def WHERE a=f AND c=e)
----
distribution: full
vectorized: true
·
• lookup join (semi)
│ columns: (a, b, c)
│ estimated row count: 100
│ table: def@primary
│ equality: (a, c) = (f,e)
│ equality cols are key
│
└── • scan
      columns: (a, b, c)
      estimated row count: 100 (100% of the table; stats collected <hidden> ago)
      table: abc@primary
      spans: FULL SCAN

query T
EXPLAIN (VERBOSE) SELECT * from abc WHERE NOT EXISTS (SELECT * FROM def WHERE a=f AND c=e)
----
distribution: full
vectorized: true
·
• lookup join (anti)
│ columns: (a, b, c)
│ estimated row count: 0
│ table: def@primary
│ equality: (a, c) = (f,e)
│ equality cols are key
│
└── • scan
      columns: (a, b, c)
      estimated row count: 100 (100% of the table; stats collected <hidden> ago)
      table: abc@primary
      spans: FULL SCAN

query T
EXPLAIN (VERBOSE) SELECT * from abc WHERE EXISTS (SELECT * FROM def WHERE a=f AND d+b>1)
----
distribution: full
vectorized: true
·
• lookup join (semi)
│ columns: (a, b, c)
│ estimated row count: 33
│ table: def@primary
│ equality: (a) = (f)
│ pred: (d + b) > 1
│
└── • scan
      columns: (a, b, c)
      estimated row count: 100 (100% of the table; stats collected <hidden> ago)
      table: abc@primary
      spans: FULL SCAN

query T
EXPLAIN (VERBOSE) SELECT * from abc WHERE NOT EXISTS (SELECT * FROM def WHERE a=f AND d+b>1)
----
distribution: full
vectorized: true
·
• lookup join (anti)
│ columns: (a, b, c)
│ estimated row count: 67
│ table: def@primary
│ equality: (a) = (f)
│ pred: (d + b) > 1
│
└── • scan
      columns: (a, b, c)
      estimated row count: 100 (100% of the table; stats collected <hidden> ago)
      table: abc@primary
      spans: FULL SCAN

query T
 EXPLAIN (DISTSQL)
  SELECT a,b from small WHERE EXISTS (SELECT a FROM data WHERE small.a=data.a) ORDER BY a
----
distribution: full
vectorized: true
·
• lookup join (semi)
│ estimated row count: 100
│ table: data@primary
│ equality: (a) = (a)
│
└── • scan
      estimated row count: 100 (100% of the table; stats collected <hidden> ago)
      table: small@primary
      spans: FULL SCAN
·
Diagram: https://cockroachdb.github.io/distsqlplan/decode.html#eJzMlFFvmzwUhu-_X3F0rlp9psRA0hRpUraValRp0pFI6zTlwg1Wx0Ywsx1pVZT_PgGdSqrWWOIiu8ScV-_Dc5B3qH7lGGJ0dzt9H8_g5DJeLBefp6ewiKbRxyUwAvdwlcxvQG1YnsOXT1ESQXRXjcHJ36FmImWaPQ3Uw2cM3tWHZ-wU5slllMCHr8CQYCFSPmMbrjD8hhQJekjQR4IBEhziimApxZorJWQ1sqsDcfobwwHBrCi3ujpeEVwLyTHcoc50zjHEJbvPecJZyqU7QIIp1yzL65oaaVLKbMPkIxJclKxQITguBVakQEHo71wiwflWhzChZOLhak9QbPVzn9LsgWNI98Se6VpkxRPS8BBp-VjyEKbR1RIW0U0M1_N4Vk0wzVqgUyF-bkv4IbICRFGh2UF6b0I-swmZcsnTQ6wJ_R9X-1e-ZCYcUbr0UOxb9f5BPbXfG7Xam0sd1-u7uQ6q1uZGx9ucZ6_Os1PnOa7fV10HVUvd-fHU-fbqfDt1vuMGfdV1ULXUjY-nLrBXF9ipCxx32FddB1VL3cW_cdW-AplwVYpCcatbdFDdwzx94M29rcRWrvmtFOu6pnmc17n6IOVKN29p8xAXzasKsB2mxrB3EKYvw565uaPaN6YDczjowz00hkfm5lGf5nNjeGxuHvdpvjDvatDxm5h_spfdq_1_fwIAAP__leZNdA==

query T
 EXPLAIN (DISTSQL)
  SELECT a,b from small WHERE a+b<20 AND EXISTS (SELECT a FROM data WHERE small.a=data.a AND small.b+data.c>15) ORDER BY a
----
distribution: full
vectorized: true
·
• lookup join (semi)
│ estimated row count: 11
│ table: data@primary
│ equality: (a) = (a)
│ pred: (b + c) > 15
│
└── • filter
    │ estimated row count: 33
    │ filter: (a + b) < 20
    │
    └── • scan
          estimated row count: 100 (100% of the table; stats collected <hidden> ago)
          table: small@primary
          spans: FULL SCAN
·
Diagram: https://cockroachdb.github.io/distsqlplan/decode.html#eJzMll9vmzAUxd_3Ka7uE1GcEvOnTZEm0a1Uo0pJl0Rapy0PTrA6NooZEGlVle8-AW1KqsVmQpHymAuHc3x_R4qfMP8do4Pe3e34wg9Au_Rn89nncQ9m3tj7OAdGYAlX08kN5A8sjuHLJ2_qgaYx6MOyB9_Xw6G5AmPYg4vgEry7Ug7ai7hWhqxgL8LqKycM3lfTE1brtOf5Evr1fPX8aQ7U7vVgMr30pvDhKzAkmIiQB-yB5-h8Q4oEDSRoIkELCdq4IJhmYsXzXGTlK0-VwA__oDMkGCXpuijHC4IrkXF0nrCIipijg3O2jPmUs5Bn-hAJhrxgUVzZVPHcNIseWPaIBGcpS3IHBjoFloRAQRQ_eIYEJ-vCAZcS18DFhqBYF69-ecHuOTp0Q9pnuorigmc80-3dQPXcAc2l0AfXaKBwHMcP5qO9_sb_-F-LKHleCX2zk_ljyh0Ye1dzmHk3PlxP_KB8gxWssamxEL_WKfwUUQIiKXdTbikAzTXK4HYD9EvwVls0957iNbzIQp7xcDe2S_u42PzjqIEYiFSnu4veZ2_t2NP2xaKtiqXTgW50rZYi1bZapweqlsK_WS16vNUy2rM12rE1BrrZla0i1Zbt2YHYKvybbI3jZWu2Z2u2Y2sOdKsrW0WqLdvRgdgq_JtszeNla7Vna7Vjaw10uytbRaot2_MDsVX4N9lax8tWcWmZ8jwVSc5b_ZMPy7sAD-95fXfIxTpb8dtMrCqb-uek0lWDkOdF_ZTWP_ykflQGbIqpVGzIxYZUbO6I6VuxKY99Kre2pGpbLralYoXzaZdDn0nFI7nzSCo-l4vPu8Smio6pSiZvGVXUjHbqGVUUzVKYy5tGFVWj8q69zb7YvPsbAAD__4PTrR8=

# Regression test for #40562.

statement ok
CREATE TABLE public.region
(
    r_regionkey int PRIMARY KEY,
    r_name char(25) NOT NULL,
    r_comment varchar(152)
)

statement ok
ALTER TABLE public.region INJECT STATISTICS '[
  {
    "columns": ["r_regionkey"],
    "created_at": "2018-01-01 1:00:00.00000+00:00",
    "row_count": 5,
    "distinct_count": 5
  },
  {
    "columns": ["r_name"],
    "created_at": "2018-01-01 1:00:00.00000+00:00",
    "row_count": 5,
    "distinct_count": 5
  },
  {
    "columns": ["r_comment"],
    "created_at": "2018-01-01 1:00:00.00000+00:00",
    "row_count": 5,
    "distinct_count": 5
  }
]'

statement ok
CREATE TABLE public.nation
(
    n_nationkey int PRIMARY KEY,
    n_name char(25) NOT NULL,
    n_regionkey int NOT NULL,
    n_comment varchar(152),
    INDEX n_rk (n_regionkey ASC),
    CONSTRAINT nation_fkey_region FOREIGN KEY (n_regionkey) references public.region (r_regionkey)
)

statement ok
ALTER TABLE public.nation INJECT STATISTICS '[
  {
    "columns": ["n_nationkey"],
    "created_at": "2018-01-01 1:00:00.00000+00:00",
    "row_count": 25,
    "distinct_count": 25
  },
  {
    "columns": ["n_name"],
    "created_at": "2018-01-01 1:00:00.00000+00:00",
    "row_count": 25,
    "distinct_count": 25
  },
  {
    "columns": ["n_regionkey"],
    "created_at": "2018-01-01 1:00:00.00000+00:00",
    "row_count": 25,
    "distinct_count": 5
  },
  {
    "columns": ["n_comment"],
    "created_at": "2018-01-01 1:00:00.00000+00:00",
    "row_count": 25,
    "distinct_count": 25
  }
]'

statement ok
CREATE TABLE public.supplier
(
    s_suppkey int PRIMARY KEY,
    s_name char(25) NOT NULL,
    s_address varchar(40) NOT NULL,
    s_nationkey int NOT NULL,
    s_phone char(15) NOT NULL,
    s_acctbal float NOT NULL,
    s_comment varchar(101) NOT NULL,
    INDEX s_nk (s_nationkey ASC),
    CONSTRAINT supplier_fkey_nation FOREIGN KEY (s_nationkey) references public.nation (n_nationkey)
)

statement ok
ALTER TABLE public.supplier INJECT STATISTICS '[
  {
    "columns": ["s_suppkey"],
    "created_at": "2018-01-01 1:00:00.00000+00:00",
    "row_count": 10000,
    "distinct_count": 10000
  },
  {
    "columns": ["s_name"],
    "created_at": "2018-01-01 1:00:00.00000+00:00",
    "row_count": 10000,
    "distinct_count": 10000
  },
  {
    "columns": ["s_address"],
    "created_at": "2018-01-01 1:00:00.00000+00:00",
    "row_count": 10000,
    "distinct_count": 10000
  },
  {
    "columns": ["s_nationkey"],
    "created_at": "2018-01-01 1:00:00.00000+00:00",
    "row_count": 10000,
    "distinct_count": 25
  },
  {
    "columns": ["s_phone"],
    "created_at": "2018-01-01 1:00:00.00000+00:00",
    "row_count": 10000,
    "distinct_count": 10000
  },
  {
    "columns": ["s_acctbal"],
    "created_at": "2018-01-01 1:00:00.00000+00:00",
    "row_count": 10000,
    "distinct_count": 10000
  },
  {
    "columns": ["s_comment"],
    "created_at": "2018-01-01 1:00:00.00000+00:00",
    "row_count": 10000,
    "distinct_count": 10000
  }
]'

statement ok
CREATE TABLE public.part
(
    p_partkey int PRIMARY KEY,
    p_name varchar(55) NOT NULL,
    p_mfgr char(25) NOT NULL,
    p_brand char(10) NOT NULL,
    p_type varchar(25) NOT NULL,
    p_size int NOT NULL,
    p_container char(10) NOT NULL,
    p_retailprice float NOT NULL,
    p_comment varchar(23) NOT NULL
)

statement ok
ALTER TABLE public.part INJECT STATISTICS '[
  {
    "columns": ["p_partkey"],
    "created_at": "2018-01-01 1:00:00.00000+00:00",
    "row_count": 200000,
    "distinct_count": 200000
  },
  {
    "columns": ["p_name"],
    "created_at": "2018-01-01 1:00:00.00000+00:00",
    "row_count": 200000,
    "distinct_count": 200000
  },
  {
    "columns": ["p_mfgr"],
    "created_at": "2018-01-01 1:00:00.00000+00:00",
    "row_count": 200000,
    "distinct_count": 5
  },
  {
    "columns": ["p_brand"],
    "created_at": "2018-01-01 1:00:00.00000+00:00",
    "row_count": 200000,
    "distinct_count": 25
  },
  {
    "columns": ["p_type"],
    "created_at": "2018-01-01 1:00:00.00000+00:00",
    "row_count": 200000,
    "distinct_count": 150
  },
  {
    "columns": ["p_size"],
    "created_at": "2018-01-01 1:00:00.00000+00:00",
    "row_count": 200000,
    "distinct_count": 50
  },
  {
    "columns": ["p_container"],
    "created_at": "2018-01-01 1:00:00.00000+00:00",
    "row_count": 200000,
    "distinct_count": 40
  },
  {
    "columns": ["p_retailprice"],
    "created_at": "2018-01-01 1:00:00.00000+00:00",
    "row_count": 200000,
    "distinct_count": 20000
  },
  {
    "columns": ["p_comment"],
    "created_at": "2018-01-01 1:00:00.00000+00:00",
    "row_count": 200000,
    "distinct_count": 130000
  }
]'

statement ok
CREATE TABLE public.partsupp
(
    ps_partkey int NOT NULL,
    ps_suppkey int NOT NULL,
    ps_availqty int NOT NULL,
    ps_supplycost float NOT NULL,
    ps_comment varchar(199) NOT NULL,
    PRIMARY KEY (ps_partkey, ps_suppkey),
    INDEX ps_sk (ps_suppkey ASC),
    CONSTRAINT partsupp_fkey_part FOREIGN KEY (ps_partkey) references public.part (p_partkey),
    CONSTRAINT partsupp_fkey_supplier FOREIGN KEY (ps_suppkey) references public.supplier (s_suppkey)
)

statement ok
ALTER TABLE public.partsupp INJECT STATISTICS '[
  {
    "columns": ["ps_partkey"],
    "created_at": "2018-01-01 1:00:00.00000+00:00",
    "row_count": 800000,
    "distinct_count": 200000
  },
  {
    "columns": ["ps_suppkey"],
    "created_at": "2018-01-01 1:00:00.00000+00:00",
    "row_count": 800000,
    "distinct_count": 10000
  },
  {
    "columns": ["ps_availqty"],
    "created_at": "2018-01-01 1:00:00.00000+00:00",
    "row_count": 800000,
    "distinct_count": 10000
  },
  {
    "columns": ["ps_supplycost"],
    "created_at": "2018-01-01 1:00:00.00000+00:00",
    "row_count": 800000,
    "distinct_count": 100000
  },
  {
    "columns": ["ps_comment"],
    "created_at": "2018-01-01 1:00:00.00000+00:00",
    "row_count": 800000,
    "distinct_count": 800000
  }
]'

statement ok
CREATE TABLE public.customer
(
    c_custkey int PRIMARY KEY,
    c_name varchar(25) NOT NULL,
    c_address varchar(40) NOT NULL,
    c_nationkey int NOT NULL NOT NULL,
    c_phone char(15) NOT NULL,
    c_acctbal float NOT NULL,
    c_mktsegment char(10) NOT NULL,
    c_comment varchar(117) NOT NULL,
    INDEX c_nk (c_nationkey ASC),
    CONSTRAINT customer_fkey_nation FOREIGN KEY (c_nationkey) references public.nation (n_nationkey)
)

statement ok
ALTER TABLE public.customer INJECT STATISTICS '[
  {
    "columns": ["c_custkey"],
    "created_at": "2018-01-01 1:00:00.00000+00:00",
    "row_count": 150000,
    "distinct_count": 150000
  },
  {
    "columns": ["c_name"],
    "created_at": "2018-01-01 1:00:00.00000+00:00",
    "row_count": 150000,
    "distinct_count": 150000
  },
  {
    "columns": ["c_address"],
    "created_at": "2018-01-01 1:00:00.00000+00:00",
    "row_count": 150000,
    "distinct_count": 150000
  },
  {
    "columns": ["c_nationkey"],
    "created_at": "2018-01-01 1:00:00.00000+00:00",
    "row_count": 150000,
    "distinct_count": 25
  },
  {
    "columns": ["c_phone"],
    "created_at": "2018-01-01 1:00:00.00000+00:00",
    "row_count": 150000,
    "distinct_count": 150000
  },
  {
    "columns": ["c_acctbal"],
    "created_at": "2018-01-01 1:00:00.00000+00:00",
    "row_count": 150000,
    "distinct_count": 150000
  },
  {
    "columns": ["c_mktsegment"],
    "created_at": "2018-01-01 1:00:00.00000+00:00",
    "row_count": 150000,
    "distinct_count": 5
  },
  {
    "columns": ["c_comment"],
    "created_at": "2018-01-01 1:00:00.00000+00:00",
    "row_count": 150000,
    "distinct_count": 150000
  }
]'

statement ok
CREATE TABLE public.orders
(
    o_orderkey int PRIMARY KEY,
    o_custkey int NOT NULL,
    o_orderstatus char(1) NOT NULL,
    o_totalprice float NOT NULL,
    o_orderdate date NOT NULL,
    o_orderpriority char(15) NOT NULL,
    o_clerk char(15) NOT NULL,
    o_shippriority int NOT NULL,
    o_comment varchar(79) NOT NULL,
    INDEX o_ck (o_custkey ASC),
    INDEX o_od (o_orderdate ASC),
    CONSTRAINT orders_fkey_customer FOREIGN KEY (o_custkey) references public.customer (c_custkey)
)

statement ok
ALTER TABLE public.orders INJECT STATISTICS '[
  {
    "columns": ["o_orderkey"],
    "created_at": "2018-01-01 1:00:00.00000+00:00",
    "row_count": 1500000,
    "distinct_count": 1500000
  },
  {
    "columns": ["o_custkey"],
    "created_at": "2018-01-01 1:00:00.00000+00:00",
    "row_count": 1500000,
    "distinct_count": 100000
  },
  {
    "columns": ["o_orderstatus"],
    "created_at": "2018-01-01 1:00:00.00000+00:00",
    "row_count": 1500000,
    "distinct_count": 3
  },
  {
    "columns": ["o_totalprice"],
    "created_at": "2018-01-01 1:00:00.00000+00:00",
    "row_count": 1500000,
    "distinct_count": 1500000
  },
  {
    "columns": ["o_orderdate"],
    "created_at": "2018-01-01 1:00:00.00000+00:00",
    "row_count": 1500000,
    "distinct_count": 2500
  },
  {
    "columns": ["o_orderpriority"],
    "created_at": "2018-01-01 1:00:00.00000+00:00",
    "row_count": 1500000,
    "distinct_count": 5
  },
  {
    "columns": ["o_clerk"],
    "created_at": "2018-01-01 1:00:00.00000+00:00",
    "row_count": 1500000,
    "distinct_count": 1000
  },
  {
    "columns": ["o_shippriority"],
    "created_at": "2018-01-01 1:00:00.00000+00:00",
    "row_count": 1500000,
    "distinct_count": 1
  },
  {
    "columns": ["o_comment"],
    "created_at": "2018-01-01 1:00:00.00000+00:00",
    "row_count": 1500000,
    "distinct_count": 1500000
  }
]'

statement ok
CREATE TABLE public.lineitem
(
    l_orderkey int NOT NULL,
    l_partkey int NOT NULL,
    l_suppkey int NOT NULL,
    l_linenumber int NOT NULL,
    l_quantity float NOT NULL,
    l_extendedprice float NOT NULL,
    l_discount float NOT NULL,
    l_tax float NOT NULL,
    l_returnflag char(1) NOT NULL,
    l_linestatus char(1) NOT NULL,
    l_shipdate date NOT NULL,
    l_commitdate date NOT NULL,
    l_receiptdate date NOT NULL,
    l_shipinstruct char(25) NOT NULL,
    l_shipmode char(10) NOT NULL,
    l_comment varchar(44) NOT NULL,
    PRIMARY KEY (l_orderkey, l_linenumber),
    INDEX l_ok (l_orderkey ASC),
    INDEX l_pk (l_partkey ASC),
    INDEX l_sk (l_suppkey ASC),
    INDEX l_sd (l_shipdate ASC),
    INDEX l_cd (l_commitdate ASC),
    INDEX l_rd (l_receiptdate ASC),
    INDEX l_pk_sk (l_partkey ASC, l_suppkey ASC),
    INDEX l_sk_pk (l_suppkey ASC, l_partkey ASC),
    CONSTRAINT lineitem_fkey_orders FOREIGN KEY (l_orderkey) references public.orders (o_orderkey),
    CONSTRAINT lineitem_fkey_part FOREIGN KEY (l_partkey) references public.part (p_partkey),
    CONSTRAINT lineitem_fkey_supplier FOREIGN KEY (l_suppkey) references public.supplier (s_suppkey)
)

statement ok
ALTER TABLE public.lineitem INJECT STATISTICS '[
  {
    "columns": ["l_orderkey"],
    "created_at": "2018-01-01 1:00:00.00000+00:00",
    "row_count": 6001215,
    "distinct_count": 1500000
  },
  {
    "columns": ["l_partkey"],
    "created_at": "2018-01-01 1:00:00.00000+00:00",
    "row_count": 6001215,
    "distinct_count": 200000
  },
  {
    "columns": ["l_suppkey"],
    "created_at": "2018-01-01 1:00:00.00000+00:00",
    "row_count": 6001215,
    "distinct_count": 10000
  },
  {
    "columns": ["l_linenumber"],
    "created_at": "2018-01-01 1:00:00.00000+00:00",
    "row_count": 6001215,
    "distinct_count": 7
  },
  {
    "columns": ["l_quantity"],
    "created_at": "2018-01-01 1:00:00.00000+00:00",
    "row_count": 6001215,
    "distinct_count": 50
  },
  {
    "columns": ["l_extendedprice"],
    "created_at": "2018-01-01 1:00:00.00000+00:00",
    "row_count": 6001215,
    "distinct_count": 1000000
  },
  {
    "columns": ["l_discount"],
    "created_at": "2018-01-01 1:00:00.00000+00:00",
    "row_count": 6001215,
    "distinct_count": 11
  },
  {
    "columns": ["l_tax"],
    "created_at": "2018-01-01 1:00:00.00000+00:00",
    "row_count": 6001215,
    "distinct_count": 9
  },
  {
    "columns": ["l_returnflag"],
    "created_at": "2018-01-01 1:00:00.00000+00:00",
    "row_count": 6001215,
    "distinct_count": 3
  },
  {
    "columns": ["l_linestatus"],
    "created_at": "2018-01-01 1:00:00.00000+00:00",
    "row_count": 6001215,
    "distinct_count": 2
  },
  {
    "columns": ["l_shipdate"],
    "created_at": "2018-01-01 1:00:00.00000+00:00",
    "row_count": 6001215,
    "distinct_count": 2500
  },
  {
    "columns": ["l_commitdate"],
    "created_at": "2018-01-01 1:00:00.00000+00:00",
    "row_count": 6001215,
    "distinct_count": 2500
  },
  {
    "columns": ["l_receiptdate"],
    "created_at": "2018-01-01 1:00:00.00000+00:00",
    "row_count": 6001215,
    "distinct_count": 2500
  },
  {
    "columns": ["l_shipinstruct"],
    "created_at": "2018-01-01 1:00:00.00000+00:00",
    "row_count": 6001215,
    "distinct_count": 4
  },
  {
    "columns": ["l_shipmode"],
    "created_at": "2018-01-01 1:00:00.00000+00:00",
    "row_count": 6001215,
    "distinct_count": 7
  },
  {
    "columns": ["l_comment"],
    "created_at": "2018-01-01 1:00:00.00000+00:00",
    "row_count": 6001215,
    "distinct_count": 4500000
  }
]'

query T
EXPLAIN SELECT s_name, count(*) AS numwait
    FROM supplier, lineitem AS l1, orders, nation
   WHERE s_suppkey = l1.l_suppkey
     AND o_orderkey = l1.l_orderkey
     AND o_orderstatus = 'F'
     AND l1.l_receiptdate > l1.l_commitdate
     AND EXISTS(
            SELECT *
              FROM lineitem AS l2
             WHERE l2.l_orderkey = l1.l_orderkey
               AND l2.l_suppkey != l1.l_suppkey
         )
     AND NOT EXISTS(
                SELECT *
                  FROM lineitem AS l3
                 WHERE l3.l_orderkey = l1.l_orderkey
                   AND l3.l_receiptdate > l3.l_commitdate
             )
     AND s_nationkey = n_nationkey
     AND n_name = 'SAUDI ARABIA'
GROUP BY s_name
ORDER BY numwait DESC, s_name
   LIMIT 100;
----
distribution: full
vectorized: true
·
• limit
│ estimated row count: 0
│ count: 100
│
└── • sort
    │ estimated row count: 0
    │ order: -count_rows,+s_name
    │
    └── • group
        │ estimated row count: 0
        │ group by: s_name
        │
        └── • lookup join (semi)
            │ estimated row count: 0
            │ table: lineitem@primary
            │ equality: (l_orderkey) = (l_orderkey)
            │ pred: l_suppkey != l_suppkey
            │
            └── • lookup join
                │ estimated row count: 0
                │ table: orders@primary
                │ equality: (l_orderkey) = (o_orderkey)
                │ equality cols are key
                │ pred: o_orderstatus = 'F'
                │
                └── • lookup join (anti)
                    │ estimated row count: 0
                    │ table: lineitem@primary
                    │ equality: (l_orderkey) = (l_orderkey)
                    │ pred: l_receiptdate > l_commitdate
                    │
                    └── • lookup join
                        │ table: lineitem@primary
                        │ equality: (l_orderkey, l_linenumber) = (l_orderkey,l_linenumber)
                        │ equality cols are key
                        │ pred: l_receiptdate > l_commitdate
                        │
                        └── • lookup join
                            │ estimated row count: 240,049
                            │ table: lineitem@l_sk
                            │ equality: (s_suppkey) = (l_suppkey)
                            │
                            └── • lookup join
                                │ estimated row count: 400
                                │ table: supplier@primary
                                │ equality: (s_suppkey) = (s_suppkey)
                                │ equality cols are key
                                │
                                └── • lookup join
                                    │ estimated row count: 400
                                    │ table: supplier@s_nk
                                    │ equality: (n_nationkey) = (s_nationkey)
                                    │
                                    └── • filter
                                        │ estimated row count: 1
                                        │ filter: n_name = 'SAUDI ARABIA'
                                        │
                                        └── • scan
                                              estimated row count: 25 (100% of the table; stats collected <hidden> ago)
                                              table: nation@primary
                                              spans: FULL SCAN

# Regression test for #50964.
statement ok
CREATE TABLE tab4 (
  pk INT8 PRIMARY KEY, col0 INT8, col1 FLOAT8, col2 STRING, col3 INT8, col4 FLOAT8, col5 STRING,
  UNIQUE (col3 DESC, col4 DESC)
)

query T
EXPLAIN (VERBOSE)
  SELECT pk FROM tab4 WHERE col0 IN (SELECT col3 FROM tab4 WHERE col4 = 495.6) AND (col3 IS NULL)
----
distribution: full
vectorized: true
·
• project
│ columns: (pk)
│ estimated row count: 10 (missing stats)
│
└── • project
    │ columns: (pk, col0, col3)
    │ estimated row count: 10 (missing stats)
    │
    └── • lookup join (semi)
        │ columns: ("lookup_join_const_col_@15", pk, col0, col3)
        │ table: tab4@tab4_col3_col4_key
        │ equality: (col0, lookup_join_const_col_@15) = (col3,col4)
        │ equality cols are key
        │
        └── • render
            │ columns: ("lookup_join_const_col_@15", pk, col0, col3)
            │ estimated row count: 10 (missing stats)
            │ render lookup_join_const_col_@15: 495.6
            │ render pk: pk
            │ render col0: col0
            │ render col3: col3
            │
            └── • index join
                │ columns: (pk, col0, col3)
                │ estimated row count: 10 (missing stats)
                │ table: tab4@primary
                │ key columns: pk
                │
                └── • scan
                      columns: (pk, col3)
                      estimated row count: 10 (missing stats)
                      table: tab4@tab4_col3_col4_key
                      spans: /NULL-

###########################################################
#  LOOKUP JOINS WITH LOOKUP EXPRESSIONS                   #
#  https://github.com/cockroachdb/cockroach/issues/59615  #
###########################################################

# Regression test for #59615. Ensure that invalid lookup joins are not created
# for left and anti joins.
statement ok
CREATE TABLE t59615 (
  x INT NOT NULL CHECK (x in (1, 3)),
  y INT NOT NULL,
  z INT,
  PRIMARY KEY (x, y)
)

query T
EXPLAIN (DISTSQL) SELECT * FROM (VALUES (1), (2)) AS u(y) LEFT JOIN t59615 t ON u.y = t.y
----
distribution: full
vectorized: true
·
• lookup join (left outer)
│ table: t59615@primary
│ lookup condition: (column1 = y) AND (x IN (1, 3))
│
└── • values
      size: 1 column, 2 rows
·
Diagram: https://cockroachdb.github.io/distsqlplan/decode.html#eJyUkU9r3DAQxe_9FMOcpCKSlTcprSCgbeOAg2unaycUig_GHlI3G8nVH-iy7HcvtgttCinNTTNPb55-owP67ztUmH6-yTdZAewyq-rqU86hSvP0Qw2v4WpbfgR2t8lv0wqY5AJYwjlsKojA9hzy9KqG6zIrIJy_eyPPJyVAWUA82cMFhJM9CjS2p6J9JI_qC0psBI7OduS9dVPrMF_I-h-oVgIHM8YwtRuBnXWE6oBhCDtChXftLpI_XaHAnkI77OaJZ_AeWALd12gePMfmKNDG8HuKD-09oVodxf8nXdvBbKntyZ3Kp2n1fiS1cJe3dbqd6VHgwq9HNzy2bqLOrX2II3yzgwFrFDAt4QL0msOmuASmE5hWLpVSWVG_FbD-deIcBZYxKNBS6ETotdBnz1LJl1BtyY_WeHpC9Py-GoHU39PyR95G19GNs90cs5Tl7JsbPfmwqHIpMrNI0wP_NMt_mpO_zM3x1c8AAAD__1P0zvM=

query T
EXPLAIN (DISTSQL) SELECT * FROM (VALUES (1), (2)) AS u(y) WHERE NOT EXISTS (
  SELECT * FROM t59615 t WHERE u.y = t.y
)
----
distribution: full
vectorized: true
·
• lookup join (anti)
│ table: t59615@primary
│ lookup condition: (column1 = y) AND (x IN (1, 3))
│
└── • values
      size: 1 column, 2 rows
·
Diagram: https://cockroachdb.github.io/distsqlplan/decode.html#eJyUkd9r1EAQx9_9K4Z52pWlvb1a0YVCok0xJSb1EmtB8hCSocZed-P-AMNx_7skKegJJ_Zt58dnZr_f2aH7sUWFyd1NFqc5sMu0rMpPGYcyyZL3FbyEq03xEdhtnH1OSmCSC2BrziEuIQAbOXz5kGwSyIsKkrsJBnaI-vO3r-X51O-fesPJCBfgT0aOArXpKG8eyaH6ihJrgYM1LTln7JTazQ1p9xPVSmCvh-CndC2wNZZQ7dD3fkuo8LbZBnKnKxTYkW_67TzxFbwDtob2W9APjmO9F2iC_z3F-eaeUK324v83XZteb6jpyJ7Kw23VOJCCLLmqIM6rFK6LNEeBiwXRYPvHxo4oMDPmIQzw3fQajFbAIgkXEJ1xiPNLYNEapltIpVSaV28EnD29-ORYEbyCSB7VIp-jZUNuMNrRgY7jLtUCqbun5TLOBNvSjTXtvGYJi5mbEx05v1TlEqR6KU0f_BOW_4TXf8H1_sWvAAAA__87BtNx

statement ok
CREATE TABLE lookup_expr (
  r STRING NOT NULL CHECK (r IN ('east', 'west')),
  v INT NOT NULL,
  w INT,
  x INT,
  y INT NOT NULL CHECK (y IN (10, 20)),
  z INT NOT NULL CHECK (z = 5),
  PRIMARY KEY (r, v),
  INDEX (r, x, y, z, w)
)

query T
EXPLAIN (DISTSQL) SELECT * FROM (VALUES (1, 10), (2, 20), (3, NULL)) AS u(w, x) LEFT JOIN lookup_expr t
ON u.w = t.w AND u.x = t.x
----
distribution: full
vectorized: true
·
• lookup join (left outer)
│ table: lookup_expr@lookup_expr_r_x_y_z_w_idx
│ lookup condition: ((((column2 = x) AND (column1 = w)) AND (r IN ('east', 'west'))) AND (y IN (10, 20))) AND (z = 5)
│
└── • values
      size: 2 columns, 3 rows
·
Diagram: https://cockroachdb.github.io/distsqlplan/decode.html#eJyUUmFr2zAQ_b5fcdyXyONoo2RpgyCgbHWHi2d3sVMGIxgTi85rZnmWjN2F_Pdhu13TQcf67d679-7EO-3R_NyhQPfLtb_0AmAXXhRHn30HItd3P8TwFi5X4SdgN0t_7UbAOAEfOwRsQjDpiylBsPZ9x4FlBDWwhqB1wHcvY7gKvQB2Wt_VZaLasuoUFsIAWH3SwALsSePAMrjocNvj1kHCQmcqSH8og-IrctwQlpXeKmN01VH7XuBlLYoxYV6Ute3oDeFWVwrFHm1udwoF3qS7WpnTMRJmyqb5bpjI4T2wKWy_1cWdcXBzINS1fRpjbHqrUIwP9P-rrnRerFSaqeqUP18X35dKDHmE69hd9akg4VEu8qhOqqRN7pNfSZPkWYuEft-D7zovQBcCGGNMTmAB8uwhPMk7NHMe4RS6S45UauxICBHFKy_4SDBq1DHh_NGf93o-FkJ4QTzvDvtQPmnmsIDZI4uEYW0FSE5yQnJK8h3JGckzkuck5y8myl-T6EqZUhdGPUvz5VttCFV2q4YPYnRdbdV1pbf9mgGGva8nMmXs0OUD8Iqh1T3w2Mz_aZ78Zd4c3vwOAAD___N7_WA=

query T
EXPLAIN (DISTSQL) SELECT * FROM (VALUES (1, 10), (2, 20), (3, NULL)) AS u(w, x) WHERE NOT EXISTS (
  SELECT * FROM lookup_expr t WHERE u.w = t.w AND u.x = t.x
)
----
distribution: full
vectorized: true
·
• lookup join (anti)
│ table: lookup_expr@lookup_expr_r_x_y_z_w_idx
│ lookup condition: ((((column2 = x) AND (column1 = w)) AND (r IN ('east', 'west'))) AND (y IN (10, 20))) AND (z = 5)
│
└── • values
      size: 2 columns, 3 rows
·
Diagram: https://cockroachdb.github.io/distsqlplan/decode.html#eJyUUlFr20wQfP9-xbIvvvs4Ep9N2nBgkNsorYIqp5aSBooRQlpSNapO1Z2QUuP_XiQ5jV1Iad92Zndmj9nbovleoEL37tpfegGwCy-Mwo8-h9D13bcR_A-X69UHYLdL_8YNgUkBcsoFsJmA2VDMBQQ3vs85LENogLUCOg6f3rtrF4JVBO5dbwns2LDQ-qGpYuqqutfZvYA1Jy0swJ60HJbBRY-7AXeco8BSZxQk38ig-owSNwKrWqdkjK57ajsMeFmHaiowL6vG9vRGYKprQrVFm9uCUOFtUjRkTqcoMCOb5MXoKOENsDmkX5rywXDc7ATqxj7bGJvcE6rpTvz9qiudl2tKMqpP5fG66LEiBb57GcEyiDy4WnkBCjyIxjmo4zru4sf4R9zGedahQH_owVedl6BLBYwx5sxgAc6rfXiO7NEZf4Jz6E88ocTYiVIqjNZe8E7ApKVDgv-afz3My6lSygui8_7i-_J55hwWcPbEosBVYxU4UjizF-OT_xLfmkylS0NH0b18mI1Ayu5p_A1GN3VK17VOhzUjXA26gcjI2LErR-CVY6t_4KFY_lE8-0282f33MwAA__9ovQAB
