# LogicTest: local-mixed-25.1

statement ok
CREATE TABLE abc (a INT, b INT, c INT, PRIMARY KEY (a, c))

statement ok
CREATE TABLE def (d INT, e INT, f INT, PRIMARY KEY (f, e), INDEX desc_idx (f, e DESC) STORING (d))

# In a mixed-version cluster, do not plan a lookup join that does reverse scans.
# Instead, a sort after the join should be planned.
query T
EXPLAIN (VERBOSE) SELECT * FROM abc INNER LOOKUP JOIN def@primary ON f = a ORDER BY a, c, e DESC;
----
distribution: local
vectorized: true
·
• sort
│ columns: (a, b, c, d, e, f)
│ estimated row count: 10,000 (missing stats)
│ order: +a,+c,-e
│ already ordered: +a,+c
│
└── • lookup join (inner)
    │ columns: (a, b, c, d, e, f)
    │ ordering: +a,+c
    │ estimated row count: 10,000 (missing stats)
    │ table: def@def_pkey
    │ equality: (a) = (f)
    │
    └── • scan
          columns: (a, b, c)
          ordering: +a,+c
          estimated row count: 1,000 (missing stats)
          table: abc@abc_pkey
          spans: FULL SCAN
