# LogicTest: 5node

statement ok
CREATE TABLE ab (a INT PRIMARY KEY, b INT); INSERT INTO ab (a, b) VALUES (1, 10)

## Table index change: Add/remove index that query depends on, and ensure that
## the plan is recomputed each time.
statement ok
PREPARE change_index AS SELECT * FROM [EXPLAIN SELECT * FROM ab WHERE b=10]

query T
EXECUTE change_index
----
distribution: full
vectorized: true
·
• filter
│ filter: b = 10
│
└── • scan
      missing stats
      table: ab@primary
      spans: FULL SCAN

statement ok
CREATE INDEX bindex ON ab (b)

query T
EXECUTE change_index
----
distribution: full
vectorized: true
·
• scan
  missing stats
  table: ab@bindex
  spans: [/10 - /10]

statement ok
DROP INDEX bindex

query T
EXECUTE change_index
----
distribution: full
vectorized: true
·
• filter
│ filter: b = 10
│
└── • scan
      missing stats
      table: ab@primary
      spans: FULL SCAN

## Statistics change: Create statistics and ensure that the plan is recalculated.
statement ok
CREATE TABLE cd (c INT PRIMARY KEY, d INT)

statement ok
PREPARE change_stats AS SELECT * FROM [EXPLAIN SELECT * FROM ab JOIN cd ON a=c]

query T
EXECUTE change_stats
----
distribution: full
vectorized: true
·
• merge join
│ equality: (a) = (c)
│ left cols are key
│ right cols are key
│
├── • scan
│     missing stats
│     table: ab@primary
│     spans: FULL SCAN
│
└── • scan
      missing stats
      table: cd@primary
      spans: FULL SCAN

statement ok
CREATE STATISTICS s FROM ab

# Now that the optimizer knows table ab has one row (and it assumes a much
# higher number of rows for cd), it should choose lookup join.
# We allow retry because stat cache invalidation happens asynchronously.
query T retry
EXECUTE change_stats
----
distribution: full
vectorized: true
·
• lookup join
│ table: cd@primary
│ equality: (a) = (c)
│ equality cols are key
│
└── • scan
      estimated row count: 1 (100% of the table; stats collected <hidden> ago)
      table: ab@primary
      spans: FULL SCAN

# Verify the plan of a very simple query which should be using the placeholder
# fast path.
statement ok
PREPARE pklookup AS SELECT b FROM ab WHERE a = $1

query T
EXPLAIN ANALYZE EXECUTE pklookup(1)
----
planning time: 10µs
execution time: 100µs
distribution: <hidden>
vectorized: <hidden>
rows read from KV: 1 (8 B)
maximum memory usage: <hidden>
network usage: <hidden>
cluster regions: <hidden>
·
• scan
  cluster nodes: <hidden>
  cluster regions: <hidden>
  actual row count: 1
  KV rows read: 1
  KV bytes read: 8 B
  estimated row count: 0
  table: ab@primary
  spans: [/1 - /1]

query T
EXPLAIN ANALYZE EXECUTE pklookup(2)
----
planning time: 10µs
execution time: 100µs
distribution: <hidden>
vectorized: <hidden>
maximum memory usage: <hidden>
network usage: <hidden>
cluster regions: <hidden>
·
• scan
  cluster nodes: <hidden>
  cluster regions: <hidden>
  actual row count: 0
  KV rows read: 0
  KV bytes read: 0 B
  estimated row count: 0
  table: ab@primary
  spans: [/2 - /2]
