# LogicTest: local

statement ok
CREATE TABLE t (a INT PRIMARY KEY, b INT, FAMILY (a, b))

statement ok
CREATE TABLE u (a INT PRIMARY KEY, c INT, FAMILY (a, c))

statement ok
CREATE VIEW v AS SELECT a FROM t AS t2

# ------------------------------------------------------------------------------
# Basic tests.
# ------------------------------------------------------------------------------

query T
EXPLAIN (VERBOSE) SELECT * FROM t FOR UPDATE
----
distribution: local
vectorized: true
·
• scan
  columns: (a, b)
  estimated row count: 1,000 (missing stats)
  table: t@primary
  spans: FULL SCAN
  locking strength: for update

query T
EXPLAIN (VERBOSE) SELECT * FROM t FOR NO KEY UPDATE
----
distribution: local
vectorized: true
·
• scan
  columns: (a, b)
  estimated row count: 1,000 (missing stats)
  table: t@primary
  spans: FULL SCAN
  locking strength: for no key update

query T
EXPLAIN (VERBOSE) SELECT * FROM t FOR SHARE
----
distribution: local
vectorized: true
·
• scan
  columns: (a, b)
  estimated row count: 1,000 (missing stats)
  table: t@primary
  spans: FULL SCAN
  locking strength: for share

query T
EXPLAIN (VERBOSE) SELECT * FROM t FOR KEY SHARE
----
distribution: local
vectorized: true
·
• scan
  columns: (a, b)
  estimated row count: 1,000 (missing stats)
  table: t@primary
  spans: FULL SCAN
  locking strength: for key share

query T
EXPLAIN (VERBOSE) SELECT * FROM t FOR KEY SHARE FOR SHARE
----
distribution: local
vectorized: true
·
• scan
  columns: (a, b)
  estimated row count: 1,000 (missing stats)
  table: t@primary
  spans: FULL SCAN
  locking strength: for share

query T
EXPLAIN (VERBOSE) SELECT * FROM t FOR KEY SHARE FOR SHARE FOR NO KEY UPDATE
----
distribution: local
vectorized: true
·
• scan
  columns: (a, b)
  estimated row count: 1,000 (missing stats)
  table: t@primary
  spans: FULL SCAN
  locking strength: for no key update

query T
EXPLAIN (VERBOSE) SELECT * FROM t FOR KEY SHARE FOR SHARE FOR NO KEY UPDATE FOR UPDATE
----
distribution: local
vectorized: true
·
• scan
  columns: (a, b)
  estimated row count: 1,000 (missing stats)
  table: t@primary
  spans: FULL SCAN
  locking strength: for update

query T
EXPLAIN (VERBOSE) SELECT * FROM t FOR UPDATE OF t
----
distribution: local
vectorized: true
·
• scan
  columns: (a, b)
  estimated row count: 1,000 (missing stats)
  table: t@primary
  spans: FULL SCAN
  locking strength: for update

query error pgcode 42P01 relation "t2" in FOR UPDATE clause not found in FROM clause
EXPLAIN (VERBOSE) SELECT * FROM t FOR UPDATE OF t2

query T
EXPLAIN (VERBOSE) SELECT 1 FROM t FOR UPDATE OF t
----
distribution: local
vectorized: true
·
• render
│ columns: ("?column?")
│ estimated row count: 1,000 (missing stats)
│ render ?column?: 1
│
└── • scan
      columns: ()
      estimated row count: 1,000 (missing stats)
      table: t@primary
      spans: FULL SCAN
      locking strength: for update

query T
EXPLAIN (VERBOSE) SELECT * FROM t WHERE a = 1 FOR UPDATE
----
distribution: local
vectorized: true
·
• scan
  columns: (a, b)
  estimated row count: 1 (missing stats)
  table: t@primary
  spans: /1/0
  locking strength: for update

query T
EXPLAIN (VERBOSE) SELECT * FROM t WHERE a = 1 FOR NO KEY UPDATE
----
distribution: local
vectorized: true
·
• scan
  columns: (a, b)
  estimated row count: 1 (missing stats)
  table: t@primary
  spans: /1/0
  locking strength: for no key update

query T
EXPLAIN (VERBOSE) SELECT * FROM t WHERE a = 1 FOR SHARE
----
distribution: local
vectorized: true
·
• scan
  columns: (a, b)
  estimated row count: 1 (missing stats)
  table: t@primary
  spans: /1/0
  locking strength: for share

query T
EXPLAIN (VERBOSE) SELECT * FROM t WHERE a = 1 FOR KEY SHARE
----
distribution: local
vectorized: true
·
• scan
  columns: (a, b)
  estimated row count: 1 (missing stats)
  table: t@primary
  spans: /1/0
  locking strength: for key share

query T
EXPLAIN (VERBOSE) SELECT * FROM t WHERE a = 1 FOR KEY SHARE FOR SHARE
----
distribution: local
vectorized: true
·
• scan
  columns: (a, b)
  estimated row count: 1 (missing stats)
  table: t@primary
  spans: /1/0
  locking strength: for share

query T
EXPLAIN (VERBOSE) SELECT * FROM t WHERE a = 1 FOR KEY SHARE FOR SHARE FOR NO KEY UPDATE
----
distribution: local
vectorized: true
·
• scan
  columns: (a, b)
  estimated row count: 1 (missing stats)
  table: t@primary
  spans: /1/0
  locking strength: for no key update

query T
EXPLAIN (VERBOSE) SELECT * FROM t WHERE a = 1 FOR KEY SHARE FOR SHARE FOR NO KEY UPDATE FOR UPDATE
----
distribution: local
vectorized: true
·
• scan
  columns: (a, b)
  estimated row count: 1 (missing stats)
  table: t@primary
  spans: /1/0
  locking strength: for update

query T
EXPLAIN (VERBOSE) SELECT * FROM t WHERE a = 1 FOR UPDATE OF t
----
distribution: local
vectorized: true
·
• scan
  columns: (a, b)
  estimated row count: 1 (missing stats)
  table: t@primary
  spans: /1/0
  locking strength: for update

query error pgcode 42P01 relation "t2" in FOR UPDATE clause not found in FROM clause
EXPLAIN (VERBOSE) SELECT * FROM t WHERE a = 1 FOR UPDATE OF t2

query T
EXPLAIN (VERBOSE) SELECT 1 FROM t WHERE a = 1 FOR UPDATE OF t
----
distribution: local
vectorized: true
·
• render
│ columns: ("?column?")
│ estimated row count: 1 (missing stats)
│ render ?column?: 1
│
└── • scan
      columns: (a)
      estimated row count: 1 (missing stats)
      table: t@primary
      spans: /1/0
      locking strength: for update

# ------------------------------------------------------------------------------
# Tests with table aliases.
# ------------------------------------------------------------------------------

query T
EXPLAIN (VERBOSE) SELECT * FROM t AS t2 FOR UPDATE
----
distribution: local
vectorized: true
·
• scan
  columns: (a, b)
  estimated row count: 1,000 (missing stats)
  table: t@primary
  spans: FULL SCAN
  locking strength: for update

query error pgcode 42P01 relation "t" in FOR UPDATE clause not found in FROM clause
EXPLAIN (VERBOSE) SELECT * FROM t AS t2 FOR UPDATE OF t

query T
EXPLAIN (VERBOSE) SELECT * FROM t AS t2 FOR UPDATE OF t2
----
distribution: local
vectorized: true
·
• scan
  columns: (a, b)
  estimated row count: 1,000 (missing stats)
  table: t@primary
  spans: FULL SCAN
  locking strength: for update

# ------------------------------------------------------------------------------
# Tests with numeric table references.
# Cockroach numeric references start after 53 for user tables.
# ------------------------------------------------------------------------------

query T
EXPLAIN (VERBOSE) SELECT * FROM [53 AS t] FOR UPDATE
----
distribution: local
vectorized: true
·
• scan
  columns: (a, b)
  estimated row count: 1,000 (missing stats)
  table: t@primary
  spans: FULL SCAN
  locking strength: for update

query T
EXPLAIN (VERBOSE) SELECT * FROM [53 AS t] FOR UPDATE OF t
----
distribution: local
vectorized: true
·
• scan
  columns: (a, b)
  estimated row count: 1,000 (missing stats)
  table: t@primary
  spans: FULL SCAN
  locking strength: for update

query error pgcode 42P01 relation "t2" in FOR UPDATE clause not found in FROM clause
EXPLAIN (VERBOSE) SELECT * FROM [53 AS t] FOR UPDATE OF t2

# ------------------------------------------------------------------------------
# Tests with views.
# ------------------------------------------------------------------------------

query T
EXPLAIN (VERBOSE) SELECT * FROM v FOR UPDATE
----
distribution: local
vectorized: true
·
• scan
  columns: (a)
  estimated row count: 1,000 (missing stats)
  table: t@primary
  spans: FULL SCAN
  locking strength: for update

query T
EXPLAIN (VERBOSE) SELECT * FROM v FOR UPDATE OF v
----
distribution: local
vectorized: true
·
• scan
  columns: (a)
  estimated row count: 1,000 (missing stats)
  table: t@primary
  spans: FULL SCAN
  locking strength: for update

query error pgcode 42P01 relation "v2" in FOR UPDATE clause not found in FROM clause
EXPLAIN (VERBOSE) SELECT * FROM v FOR UPDATE OF v2

query error pgcode 42P01 relation "t" in FOR UPDATE clause not found in FROM clause
EXPLAIN (VERBOSE) SELECT * FROM v FOR UPDATE OF t

query error pgcode 42P01 relation "t2" in FOR UPDATE clause not found in FROM clause
EXPLAIN (VERBOSE) SELECT * FROM v FOR UPDATE OF t2

# ------------------------------------------------------------------------------
# Tests with aliased views.
# ------------------------------------------------------------------------------

query T
EXPLAIN (VERBOSE) SELECT * FROM v AS v2 FOR UPDATE
----
distribution: local
vectorized: true
·
• scan
  columns: (a)
  estimated row count: 1,000 (missing stats)
  table: t@primary
  spans: FULL SCAN
  locking strength: for update

query error pgcode 42P01 relation "v" in FOR UPDATE clause not found in FROM clause
EXPLAIN (VERBOSE) SELECT * FROM v AS v2 FOR UPDATE OF v

query T
EXPLAIN (VERBOSE) SELECT * FROM v AS v2 FOR UPDATE OF v2
----
distribution: local
vectorized: true
·
• scan
  columns: (a)
  estimated row count: 1,000 (missing stats)
  table: t@primary
  spans: FULL SCAN
  locking strength: for update

# ------------------------------------------------------------------------------
# Tests with subqueries.
# 
# Row-level locking clauses only apply to subqueries in the FROM clause of a
# SELECT statement. They don't apply to subqueries in the projection or in
# the filter.
# ------------------------------------------------------------------------------

query T
EXPLAIN (VERBOSE) SELECT * FROM (SELECT a FROM t) FOR UPDATE
----
distribution: local
vectorized: true
·
• scan
  columns: (a)
  estimated row count: 1,000 (missing stats)
  table: t@primary
  spans: FULL SCAN
  locking strength: for update

query T
EXPLAIN (VERBOSE) SELECT * FROM (SELECT a FROM t FOR UPDATE)
----
distribution: local
vectorized: true
·
• scan
  columns: (a)
  estimated row count: 1,000 (missing stats)
  table: t@primary
  spans: FULL SCAN
  locking strength: for update

query T
EXPLAIN (VERBOSE) SELECT * FROM (SELECT a FROM t FOR NO KEY UPDATE) FOR KEY SHARE
----
distribution: local
vectorized: true
·
• scan
  columns: (a)
  estimated row count: 1,000 (missing stats)
  table: t@primary
  spans: FULL SCAN
  locking strength: for no key update

query T
EXPLAIN (VERBOSE) SELECT * FROM (SELECT a FROM t FOR KEY SHARE) FOR NO KEY UPDATE
----
distribution: local
vectorized: true
·
• scan
  columns: (a)
  estimated row count: 1,000 (missing stats)
  table: t@primary
  spans: FULL SCAN
  locking strength: for no key update

query error pgcode 42P01 relation "t" in FOR UPDATE clause not found in FROM clause
EXPLAIN (VERBOSE) SELECT * FROM (SELECT a FROM t) FOR UPDATE OF t

query T
EXPLAIN (VERBOSE) SELECT * FROM (SELECT a FROM t FOR UPDATE OF t)
----
distribution: local
vectorized: true
·
• scan
  columns: (a)
  estimated row count: 1,000 (missing stats)
  table: t@primary
  spans: FULL SCAN
  locking strength: for update

query T
EXPLAIN (VERBOSE) SELECT * FROM (SELECT a FROM t) AS r FOR UPDATE
----
distribution: local
vectorized: true
·
• scan
  columns: (a)
  estimated row count: 1,000 (missing stats)
  table: t@primary
  spans: FULL SCAN
  locking strength: for update

query T
EXPLAIN (VERBOSE) SELECT * FROM (SELECT a FROM t FOR UPDATE) AS r
----
distribution: local
vectorized: true
·
• scan
  columns: (a)
  estimated row count: 1,000 (missing stats)
  table: t@primary
  spans: FULL SCAN
  locking strength: for update

query error pgcode 42P01 relation "t" in FOR UPDATE clause not found in FROM clause
EXPLAIN (VERBOSE) SELECT * FROM (SELECT a FROM t) AS r FOR UPDATE OF t

query T
EXPLAIN (VERBOSE) SELECT * FROM (SELECT a FROM t FOR UPDATE OF t) AS r
----
distribution: local
vectorized: true
·
• scan
  columns: (a)
  estimated row count: 1,000 (missing stats)
  table: t@primary
  spans: FULL SCAN
  locking strength: for update

query T
EXPLAIN (VERBOSE) SELECT (SELECT a FROM t) FOR UPDATE
----
distribution: local
vectorized: true
·
• root
│ columns: (a)
│
├── • values
│     columns: (a)
│     size: 1 column, 1 row
│     row 0, expr 0: @S1
│
└── • subquery
    │ id: @S1
    │ original sql: (SELECT a FROM t)
    │ exec mode: one row
    │
    └── • max1row
        │ columns: (a)
        │ estimated row count: 1
        │
        └── • scan
              columns: (a)
              estimated row count: 1,000 (missing stats)
              table: t@primary
              spans: FULL SCAN

query T
EXPLAIN (VERBOSE) SELECT (SELECT a FROM t FOR UPDATE)
----
distribution: local
vectorized: true
·
• root
│ columns: (a)
│
├── • values
│     columns: (a)
│     size: 1 column, 1 row
│     row 0, expr 0: @S1
│
└── • subquery
    │ id: @S1
    │ original sql: (SELECT a FROM t FOR UPDATE)
    │ exec mode: one row
    │
    └── • max1row
        │ columns: (a)
        │ estimated row count: 1
        │
        └── • scan
              columns: (a)
              estimated row count: 1,000 (missing stats)
              table: t@primary
              spans: FULL SCAN
              locking strength: for update

query error pgcode 42P01 relation "t" in FOR UPDATE clause not found in FROM clause
EXPLAIN (VERBOSE) SELECT (SELECT a FROM t) FOR UPDATE OF t

query T
EXPLAIN (VERBOSE) SELECT (SELECT a FROM t FOR UPDATE OF t)
----
distribution: local
vectorized: true
·
• root
│ columns: (a)
│
├── • values
│     columns: (a)
│     size: 1 column, 1 row
│     row 0, expr 0: @S1
│
└── • subquery
    │ id: @S1
    │ original sql: (SELECT a FROM t FOR UPDATE OF t)
    │ exec mode: one row
    │
    └── • max1row
        │ columns: (a)
        │ estimated row count: 1
        │
        └── • scan
              columns: (a)
              estimated row count: 1,000 (missing stats)
              table: t@primary
              spans: FULL SCAN
              locking strength: for update

query T
EXPLAIN (VERBOSE) SELECT (SELECT a FROM t) AS r FOR UPDATE
----
distribution: local
vectorized: true
·
• root
│ columns: (r)
│
├── • values
│     columns: (r)
│     size: 1 column, 1 row
│     row 0, expr 0: @S1
│
└── • subquery
    │ id: @S1
    │ original sql: (SELECT a FROM t)
    │ exec mode: one row
    │
    └── • max1row
        │ columns: (a)
        │ estimated row count: 1
        │
        └── • scan
              columns: (a)
              estimated row count: 1,000 (missing stats)
              table: t@primary
              spans: FULL SCAN

query T
EXPLAIN (VERBOSE) SELECT (SELECT a FROM t FOR UPDATE) AS r
----
distribution: local
vectorized: true
·
• root
│ columns: (r)
│
├── • values
│     columns: (r)
│     size: 1 column, 1 row
│     row 0, expr 0: @S1
│
└── • subquery
    │ id: @S1
    │ original sql: (SELECT a FROM t FOR UPDATE)
    │ exec mode: one row
    │
    └── • max1row
        │ columns: (a)
        │ estimated row count: 1
        │
        └── • scan
              columns: (a)
              estimated row count: 1,000 (missing stats)
              table: t@primary
              spans: FULL SCAN
              locking strength: for update

query error pgcode 42P01 relation "t" in FOR UPDATE clause not found in FROM clause
EXPLAIN (VERBOSE) SELECT (SELECT a FROM t) AS r FOR UPDATE OF t

query T
EXPLAIN (VERBOSE) SELECT (SELECT a FROM t FOR UPDATE OF t) AS r
----
distribution: local
vectorized: true
·
• root
│ columns: (r)
│
├── • values
│     columns: (r)
│     size: 1 column, 1 row
│     row 0, expr 0: @S1
│
└── • subquery
    │ id: @S1
    │ original sql: (SELECT a FROM t FOR UPDATE OF t)
    │ exec mode: one row
    │
    └── • max1row
        │ columns: (a)
        │ estimated row count: 1
        │
        └── • scan
              columns: (a)
              estimated row count: 1,000 (missing stats)
              table: t@primary
              spans: FULL SCAN
              locking strength: for update

query T
EXPLAIN (VERBOSE) SELECT * FROM t WHERE a IN (SELECT b FROM t) FOR UPDATE
----
distribution: local
vectorized: true
·
• project
│ columns: (a, b)
│ estimated row count: 100 (missing stats)
│
└── • lookup join (inner)
    │ columns: (b, a, b)
    │ estimated row count: 99 (missing stats)
    │ table: t@primary
    │ equality: (b) = (a)
    │ equality cols are key
    │
    └── • distinct
        │ columns: (b)
        │ estimated row count: 100 (missing stats)
        │ distinct on: b
        │
        └── • scan
              columns: (b)
              estimated row count: 1,000 (missing stats)
              table: t@primary
              spans: FULL SCAN

query T
EXPLAIN (VERBOSE) SELECT * FROM t WHERE a IN (SELECT b FROM t FOR UPDATE)
----
distribution: local
vectorized: true
·
• project
│ columns: (a, b)
│ estimated row count: 100 (missing stats)
│
└── • lookup join (inner)
    │ columns: (b, a, b)
    │ estimated row count: 99 (missing stats)
    │ table: t@primary
    │ equality: (b) = (a)
    │ equality cols are key
    │
    └── • distinct
        │ columns: (b)
        │ estimated row count: 100 (missing stats)
        │ distinct on: b
        │
        └── • scan
              columns: (b)
              estimated row count: 1,000 (missing stats)
              table: t@primary
              spans: FULL SCAN
              locking strength: for update

query T
EXPLAIN (VERBOSE) SELECT * FROM t WHERE a IN (SELECT b FROM t) FOR UPDATE OF t
----
distribution: local
vectorized: true
·
• project
│ columns: (a, b)
│ estimated row count: 100 (missing stats)
│
└── • lookup join (inner)
    │ columns: (b, a, b)
    │ estimated row count: 99 (missing stats)
    │ table: t@primary
    │ equality: (b) = (a)
    │ equality cols are key
    │
    └── • distinct
        │ columns: (b)
        │ estimated row count: 100 (missing stats)
        │ distinct on: b
        │
        └── • scan
              columns: (b)
              estimated row count: 1,000 (missing stats)
              table: t@primary
              spans: FULL SCAN

query T
EXPLAIN (VERBOSE) SELECT * FROM t WHERE a IN (SELECT b FROM t FOR UPDATE OF t)
----
distribution: local
vectorized: true
·
• project
│ columns: (a, b)
│ estimated row count: 100 (missing stats)
│
└── • lookup join (inner)
    │ columns: (b, a, b)
    │ estimated row count: 99 (missing stats)
    │ table: t@primary
    │ equality: (b) = (a)
    │ equality cols are key
    │
    └── • distinct
        │ columns: (b)
        │ estimated row count: 100 (missing stats)
        │ distinct on: b
        │
        └── • scan
              columns: (b)
              estimated row count: 1,000 (missing stats)
              table: t@primary
              spans: FULL SCAN
              locking strength: for update

# ------------------------------------------------------------------------------
# Tests with common-table expressions.
#
# Unlike with FROM subqueries, row-level locking clauses do not apply to WITH
# queries referenced by the primary query. To achieve row locking within a WITH
# query, a locking clause should be specified within the WITH query.
#
# Note that scans with locking are considered to be side-effecting; CTEs that
# contain locking clauses are not inlined.
# ------------------------------------------------------------------------------

query T
EXPLAIN (VERBOSE) SELECT * FROM [SELECT a FROM t] FOR UPDATE
----
distribution: local
vectorized: true
·
• render
│ columns: (a)
│ estimated row count: 1,000 (missing stats)
│ render a: a
│
└── • scan
      columns: (a)
      estimated row count: 1,000 (missing stats)
      table: t@primary
      spans: FULL SCAN

query T
EXPLAIN (VERBOSE) WITH cte AS (SELECT a FROM t) SELECT * FROM cte FOR UPDATE
----
distribution: local
vectorized: true
·
• render
│ columns: (a)
│ estimated row count: 1,000 (missing stats)
│ render a: a
│
└── • scan
      columns: (a)
      estimated row count: 1,000 (missing stats)
      table: t@primary
      spans: FULL SCAN

query T
EXPLAIN (VERBOSE) SELECT * FROM [SELECT a FROM t FOR UPDATE]
----
distribution: local
vectorized: true
·
• root
│ columns: (a)
│
├── • scan buffer
│     columns: (a)
│     estimated row count: 1,000 (missing stats)
│     label: buffer 1
│
└── • subquery
    │ id: @S1
    │ original sql: SELECT a FROM t FOR UPDATE
    │ exec mode: all rows
    │
    └── • buffer
        │ columns: (a)
        │ label: buffer 1
        │
        └── • scan
              columns: (a)
              estimated row count: 1,000 (missing stats)
              table: t@primary
              spans: FULL SCAN
              locking strength: for update

query T
EXPLAIN (VERBOSE) WITH cte AS (SELECT a FROM t FOR UPDATE) SELECT * FROM cte
----
distribution: local
vectorized: true
·
• root
│ columns: (a)
│
├── • scan buffer
│     columns: (a)
│     estimated row count: 1,000 (missing stats)
│     label: buffer 1 (cte)
│
└── • subquery
    │ id: @S1
    │ original sql: SELECT a FROM t FOR UPDATE
    │ exec mode: all rows
    │
    └── • buffer
        │ columns: (a)
        │ label: buffer 1 (cte)
        │
        └── • scan
              columns: (a)
              estimated row count: 1,000 (missing stats)
              table: t@primary
              spans: FULL SCAN
              locking strength: for update

# Verify that the unused CTE doesn't get eliminated.
# TODO(radu): we should at least not buffer the rows in this case.
query T
EXPLAIN (VERBOSE) WITH sfu AS (SELECT a FROM t FOR UPDATE)
SELECT c FROM u
----
distribution: local
vectorized: true
·
• root
│ columns: (c)
│
├── • scan
│     columns: (c)
│     estimated row count: 1,000 (missing stats)
│     table: u@primary
│     spans: FULL SCAN
│
└── • subquery
    │ id: @S1
    │ original sql: SELECT a FROM t FOR UPDATE
    │ exec mode: all rows
    │
    └── • buffer
        │ columns: (a)
        │ label: buffer 1 (sfu)
        │
        └── • scan
              columns: (a)
              estimated row count: 1,000 (missing stats)
              table: t@primary
              spans: FULL SCAN
              locking strength: for update

# ------------------------------------------------------------------------------
# Tests with joins.
# ------------------------------------------------------------------------------

query T
EXPLAIN (VERBOSE) SELECT * FROM t JOIN u USING (a) FOR UPDATE
----
distribution: local
vectorized: true
·
• project
│ columns: (a, b, c)
│ estimated row count: 1,000 (missing stats)
│
└── • merge join (inner)
    │ columns: (a, b, a, c)
    │ estimated row count: 1,000 (missing stats)
    │ equality: (a) = (a)
    │ left cols are key
    │ right cols are key
    │ merge ordering: +"(a=a)"
    │
    ├── • scan
    │     columns: (a, b)
    │     ordering: +a
    │     estimated row count: 1,000 (missing stats)
    │     table: t@primary
    │     spans: FULL SCAN
    │     locking strength: for update
    │
    └── • scan
          columns: (a, c)
          ordering: +a
          estimated row count: 1,000 (missing stats)
          table: u@primary
          spans: FULL SCAN
          locking strength: for update

query T
EXPLAIN (VERBOSE) SELECT * FROM t JOIN u USING (a) FOR UPDATE OF t
----
distribution: local
vectorized: true
·
• project
│ columns: (a, b, c)
│ estimated row count: 1,000 (missing stats)
│
└── • merge join (inner)
    │ columns: (a, b, a, c)
    │ estimated row count: 1,000 (missing stats)
    │ equality: (a) = (a)
    │ left cols are key
    │ right cols are key
    │ merge ordering: +"(a=a)"
    │
    ├── • scan
    │     columns: (a, b)
    │     ordering: +a
    │     estimated row count: 1,000 (missing stats)
    │     table: t@primary
    │     spans: FULL SCAN
    │     locking strength: for update
    │
    └── • scan
          columns: (a, c)
          ordering: +a
          estimated row count: 1,000 (missing stats)
          table: u@primary
          spans: FULL SCAN

query T
EXPLAIN (VERBOSE) SELECT * FROM t JOIN u USING (a) FOR UPDATE OF u
----
distribution: local
vectorized: true
·
• project
│ columns: (a, b, c)
│ estimated row count: 1,000 (missing stats)
│
└── • merge join (inner)
    │ columns: (a, b, a, c)
    │ estimated row count: 1,000 (missing stats)
    │ equality: (a) = (a)
    │ left cols are key
    │ right cols are key
    │ merge ordering: +"(a=a)"
    │
    ├── • scan
    │     columns: (a, b)
    │     ordering: +a
    │     estimated row count: 1,000 (missing stats)
    │     table: t@primary
    │     spans: FULL SCAN
    │
    └── • scan
          columns: (a, c)
          ordering: +a
          estimated row count: 1,000 (missing stats)
          table: u@primary
          spans: FULL SCAN
          locking strength: for update

query T
EXPLAIN (VERBOSE) SELECT * FROM t JOIN u USING (a) FOR UPDATE OF t, u
----
distribution: local
vectorized: true
·
• project
│ columns: (a, b, c)
│ estimated row count: 1,000 (missing stats)
│
└── • merge join (inner)
    │ columns: (a, b, a, c)
    │ estimated row count: 1,000 (missing stats)
    │ equality: (a) = (a)
    │ left cols are key
    │ right cols are key
    │ merge ordering: +"(a=a)"
    │
    ├── • scan
    │     columns: (a, b)
    │     ordering: +a
    │     estimated row count: 1,000 (missing stats)
    │     table: t@primary
    │     spans: FULL SCAN
    │     locking strength: for update
    │
    └── • scan
          columns: (a, c)
          ordering: +a
          estimated row count: 1,000 (missing stats)
          table: u@primary
          spans: FULL SCAN
          locking strength: for update

query T
EXPLAIN (VERBOSE) SELECT * FROM t JOIN u USING (a) FOR UPDATE OF t FOR SHARE OF u
----
distribution: local
vectorized: true
·
• project
│ columns: (a, b, c)
│ estimated row count: 1,000 (missing stats)
│
└── • merge join (inner)
    │ columns: (a, b, a, c)
    │ estimated row count: 1,000 (missing stats)
    │ equality: (a) = (a)
    │ left cols are key
    │ right cols are key
    │ merge ordering: +"(a=a)"
    │
    ├── • scan
    │     columns: (a, b)
    │     ordering: +a
    │     estimated row count: 1,000 (missing stats)
    │     table: t@primary
    │     spans: FULL SCAN
    │     locking strength: for update
    │
    └── • scan
          columns: (a, c)
          ordering: +a
          estimated row count: 1,000 (missing stats)
          table: u@primary
          spans: FULL SCAN
          locking strength: for share

query error pgcode 42P01 relation "t2" in FOR UPDATE clause not found in FROM clause
EXPLAIN (VERBOSE) SELECT * FROM t JOIN u USING (a) FOR UPDATE OF t2 FOR SHARE OF u2

query T
EXPLAIN (VERBOSE) SELECT * FROM t AS t2 JOIN u AS u2 USING (a) FOR UPDATE OF t2 FOR SHARE OF u2
----
distribution: local
vectorized: true
·
• project
│ columns: (a, b, c)
│ estimated row count: 1,000 (missing stats)
│
└── • merge join (inner)
    │ columns: (a, b, a, c)
    │ estimated row count: 1,000 (missing stats)
    │ equality: (a) = (a)
    │ left cols are key
    │ right cols are key
    │ merge ordering: +"(a=a)"
    │
    ├── • scan
    │     columns: (a, b)
    │     ordering: +a
    │     estimated row count: 1,000 (missing stats)
    │     table: t@primary
    │     spans: FULL SCAN
    │     locking strength: for update
    │
    └── • scan
          columns: (a, c)
          ordering: +a
          estimated row count: 1,000 (missing stats)
          table: u@primary
          spans: FULL SCAN
          locking strength: for share

query T
EXPLAIN (VERBOSE) SELECT * FROM t JOIN u USING (a) FOR KEY SHARE FOR UPDATE
----
distribution: local
vectorized: true
·
• project
│ columns: (a, b, c)
│ estimated row count: 1,000 (missing stats)
│
└── • merge join (inner)
    │ columns: (a, b, a, c)
    │ estimated row count: 1,000 (missing stats)
    │ equality: (a) = (a)
    │ left cols are key
    │ right cols are key
    │ merge ordering: +"(a=a)"
    │
    ├── • scan
    │     columns: (a, b)
    │     ordering: +a
    │     estimated row count: 1,000 (missing stats)
    │     table: t@primary
    │     spans: FULL SCAN
    │     locking strength: for update
    │
    └── • scan
          columns: (a, c)
          ordering: +a
          estimated row count: 1,000 (missing stats)
          table: u@primary
          spans: FULL SCAN
          locking strength: for update

query T
EXPLAIN (VERBOSE) SELECT * FROM t JOIN u USING (a) FOR KEY SHARE FOR NO KEY UPDATE OF t
----
distribution: local
vectorized: true
·
• project
│ columns: (a, b, c)
│ estimated row count: 1,000 (missing stats)
│
└── • merge join (inner)
    │ columns: (a, b, a, c)
    │ estimated row count: 1,000 (missing stats)
    │ equality: (a) = (a)
    │ left cols are key
    │ right cols are key
    │ merge ordering: +"(a=a)"
    │
    ├── • scan
    │     columns: (a, b)
    │     ordering: +a
    │     estimated row count: 1,000 (missing stats)
    │     table: t@primary
    │     spans: FULL SCAN
    │     locking strength: for no key update
    │
    └── • scan
          columns: (a, c)
          ordering: +a
          estimated row count: 1,000 (missing stats)
          table: u@primary
          spans: FULL SCAN
          locking strength: for key share

query T
EXPLAIN (VERBOSE) SELECT * FROM t JOIN u USING (a) FOR SHARE FOR NO KEY UPDATE OF t FOR UPDATE OF u
----
distribution: local
vectorized: true
·
• project
│ columns: (a, b, c)
│ estimated row count: 1,000 (missing stats)
│
└── • merge join (inner)
    │ columns: (a, b, a, c)
    │ estimated row count: 1,000 (missing stats)
    │ equality: (a) = (a)
    │ left cols are key
    │ right cols are key
    │ merge ordering: +"(a=a)"
    │
    ├── • scan
    │     columns: (a, b)
    │     ordering: +a
    │     estimated row count: 1,000 (missing stats)
    │     table: t@primary
    │     spans: FULL SCAN
    │     locking strength: for no key update
    │
    └── • scan
          columns: (a, c)
          ordering: +a
          estimated row count: 1,000 (missing stats)
          table: u@primary
          spans: FULL SCAN
          locking strength: for update

# ------------------------------------------------------------------------------
# Tests with joins of aliased tables and aliased joins.
# ------------------------------------------------------------------------------

query T
EXPLAIN (VERBOSE) SELECT * FROM t AS t2 JOIN u AS u2 USING (a) FOR UPDATE
----
distribution: local
vectorized: true
·
• project
│ columns: (a, b, c)
│ estimated row count: 1,000 (missing stats)
│
└── • merge join (inner)
    │ columns: (a, b, a, c)
    │ estimated row count: 1,000 (missing stats)
    │ equality: (a) = (a)
    │ left cols are key
    │ right cols are key
    │ merge ordering: +"(a=a)"
    │
    ├── • scan
    │     columns: (a, b)
    │     ordering: +a
    │     estimated row count: 1,000 (missing stats)
    │     table: t@primary
    │     spans: FULL SCAN
    │     locking strength: for update
    │
    └── • scan
          columns: (a, c)
          ordering: +a
          estimated row count: 1,000 (missing stats)
          table: u@primary
          spans: FULL SCAN
          locking strength: for update

query error pgcode 42P01 relation "t" in FOR UPDATE clause not found in FROM clause
EXPLAIN (VERBOSE) SELECT * FROM t AS t2 JOIN u AS u2 USING (a) FOR UPDATE OF t

query error pgcode 42P01 relation "u" in FOR UPDATE clause not found in FROM clause
EXPLAIN (VERBOSE) SELECT * FROM t AS t2 JOIN u AS u2 USING (a) FOR UPDATE OF u

query error pgcode 42P01 relation "t" in FOR UPDATE clause not found in FROM clause
EXPLAIN (VERBOSE) SELECT * FROM t AS t2 JOIN u AS u2 USING (a) FOR UPDATE OF t, u

query T
EXPLAIN (VERBOSE) SELECT * FROM t AS t2 JOIN u AS u2 USING (a) FOR UPDATE OF t2
----
distribution: local
vectorized: true
·
• project
│ columns: (a, b, c)
│ estimated row count: 1,000 (missing stats)
│
└── • merge join (inner)
    │ columns: (a, b, a, c)
    │ estimated row count: 1,000 (missing stats)
    │ equality: (a) = (a)
    │ left cols are key
    │ right cols are key
    │ merge ordering: +"(a=a)"
    │
    ├── • scan
    │     columns: (a, b)
    │     ordering: +a
    │     estimated row count: 1,000 (missing stats)
    │     table: t@primary
    │     spans: FULL SCAN
    │     locking strength: for update
    │
    └── • scan
          columns: (a, c)
          ordering: +a
          estimated row count: 1,000 (missing stats)
          table: u@primary
          spans: FULL SCAN

query T
EXPLAIN (VERBOSE) SELECT * FROM t AS t2 JOIN u AS u2 USING (a) FOR UPDATE OF u2
----
distribution: local
vectorized: true
·
• project
│ columns: (a, b, c)
│ estimated row count: 1,000 (missing stats)
│
└── • merge join (inner)
    │ columns: (a, b, a, c)
    │ estimated row count: 1,000 (missing stats)
    │ equality: (a) = (a)
    │ left cols are key
    │ right cols are key
    │ merge ordering: +"(a=a)"
    │
    ├── • scan
    │     columns: (a, b)
    │     ordering: +a
    │     estimated row count: 1,000 (missing stats)
    │     table: t@primary
    │     spans: FULL SCAN
    │
    └── • scan
          columns: (a, c)
          ordering: +a
          estimated row count: 1,000 (missing stats)
          table: u@primary
          spans: FULL SCAN
          locking strength: for update

query T
EXPLAIN (VERBOSE) SELECT * FROM t AS t2 JOIN u AS u2 USING (a) FOR UPDATE OF t2, u2
----
distribution: local
vectorized: true
·
• project
│ columns: (a, b, c)
│ estimated row count: 1,000 (missing stats)
│
└── • merge join (inner)
    │ columns: (a, b, a, c)
    │ estimated row count: 1,000 (missing stats)
    │ equality: (a) = (a)
    │ left cols are key
    │ right cols are key
    │ merge ordering: +"(a=a)"
    │
    ├── • scan
    │     columns: (a, b)
    │     ordering: +a
    │     estimated row count: 1,000 (missing stats)
    │     table: t@primary
    │     spans: FULL SCAN
    │     locking strength: for update
    │
    └── • scan
          columns: (a, c)
          ordering: +a
          estimated row count: 1,000 (missing stats)
          table: u@primary
          spans: FULL SCAN
          locking strength: for update

# Postgres doesn't support applying locking clauses to joins. The following
# queries all return the error: "FOR UPDATE cannot be applied to a join".
# We could do the same, but it's not hard to support these, so we do.

query T
EXPLAIN (VERBOSE) SELECT * FROM (t JOIN u AS u2 USING (a)) j FOR UPDATE
----
distribution: local
vectorized: true
·
• project
│ columns: (a, b, c)
│ estimated row count: 1,000 (missing stats)
│
└── • merge join (inner)
    │ columns: (a, b, a, c)
    │ estimated row count: 1,000 (missing stats)
    │ equality: (a) = (a)
    │ left cols are key
    │ right cols are key
    │ merge ordering: +"(a=a)"
    │
    ├── • scan
    │     columns: (a, b)
    │     ordering: +a
    │     estimated row count: 1,000 (missing stats)
    │     table: t@primary
    │     spans: FULL SCAN
    │     locking strength: for update
    │
    └── • scan
          columns: (a, c)
          ordering: +a
          estimated row count: 1,000 (missing stats)
          table: u@primary
          spans: FULL SCAN
          locking strength: for update

query error pgcode 42P01 relation "t" in FOR UPDATE clause not found in FROM clause
EXPLAIN (VERBOSE) SELECT * FROM (t JOIN u AS u2 USING (a)) j FOR UPDATE OF t

query error pgcode 42P01 relation "u" in FOR UPDATE clause not found in FROM clause
EXPLAIN (VERBOSE) SELECT * FROM (t JOIN u AS u2 USING (a)) j FOR UPDATE OF u

query error pgcode 42P01 relation "u2" in FOR UPDATE clause not found in FROM clause
EXPLAIN (VERBOSE) SELECT * FROM (t JOIN u AS u2 USING (a)) j FOR UPDATE OF u2

query T
EXPLAIN (VERBOSE) SELECT * FROM (t JOIN u AS u2 USING (a)) j FOR UPDATE OF j
----
distribution: local
vectorized: true
·
• project
│ columns: (a, b, c)
│ estimated row count: 1,000 (missing stats)
│
└── • merge join (inner)
    │ columns: (a, b, a, c)
    │ estimated row count: 1,000 (missing stats)
    │ equality: (a) = (a)
    │ left cols are key
    │ right cols are key
    │ merge ordering: +"(a=a)"
    │
    ├── • scan
    │     columns: (a, b)
    │     ordering: +a
    │     estimated row count: 1,000 (missing stats)
    │     table: t@primary
    │     spans: FULL SCAN
    │     locking strength: for update
    │
    └── • scan
          columns: (a, c)
          ordering: +a
          estimated row count: 1,000 (missing stats)
          table: u@primary
          spans: FULL SCAN
          locking strength: for update

# ------------------------------------------------------------------------------
# Tests with lateral joins.
# ------------------------------------------------------------------------------

query T
EXPLAIN (VERBOSE) SELECT * FROM t, u FOR UPDATE
----
distribution: local
vectorized: true
·
• cross join (inner)
│ columns: (a, b, a, c)
│ estimated row count: 1,000,000 (missing stats)
│
├── • scan
│     columns: (a, b)
│     estimated row count: 1,000 (missing stats)
│     table: t@primary
│     spans: FULL SCAN
│     locking strength: for update
│
└── • scan
      columns: (a, c)
      estimated row count: 1,000 (missing stats)
      table: u@primary
      spans: FULL SCAN
      locking strength: for update

query T
EXPLAIN (VERBOSE) SELECT * FROM t, u FOR UPDATE OF t
----
distribution: local
vectorized: true
·
• cross join (inner)
│ columns: (a, b, a, c)
│ estimated row count: 1,000,000 (missing stats)
│
├── • scan
│     columns: (a, b)
│     estimated row count: 1,000 (missing stats)
│     table: t@primary
│     spans: FULL SCAN
│     locking strength: for update
│
└── • scan
      columns: (a, c)
      estimated row count: 1,000 (missing stats)
      table: u@primary
      spans: FULL SCAN

query T
EXPLAIN (VERBOSE) SELECT * FROM t, u FOR SHARE OF t FOR UPDATE OF u
----
distribution: local
vectorized: true
·
• cross join (inner)
│ columns: (a, b, a, c)
│ estimated row count: 1,000,000 (missing stats)
│
├── • scan
│     columns: (a, b)
│     estimated row count: 1,000 (missing stats)
│     table: t@primary
│     spans: FULL SCAN
│     locking strength: for share
│
└── • scan
      columns: (a, c)
      estimated row count: 1,000 (missing stats)
      table: u@primary
      spans: FULL SCAN
      locking strength: for update

query T
EXPLAIN (VERBOSE) SELECT * FROM t, LATERAL (SELECT * FROM u) sub FOR UPDATE
----
distribution: local
vectorized: true
·
• cross join (inner)
│ columns: (a, b, a, c)
│ estimated row count: 1,000,000 (missing stats)
│
├── • scan
│     columns: (a, b)
│     estimated row count: 1,000 (missing stats)
│     table: t@primary
│     spans: FULL SCAN
│     locking strength: for update
│
└── • scan
      columns: (a, c)
      estimated row count: 1,000 (missing stats)
      table: u@primary
      spans: FULL SCAN
      locking strength: for update

query error pgcode 42P01 relation "u" in FOR UPDATE clause not found in FROM clause
EXPLAIN (VERBOSE) SELECT * FROM t, LATERAL (SELECT * FROM u) sub FOR UPDATE OF u

query T
EXPLAIN (VERBOSE) SELECT * FROM t, LATERAL (SELECT * FROM u) sub FOR UPDATE OF sub
----
distribution: local
vectorized: true
·
• cross join (inner)
│ columns: (a, b, a, c)
│ estimated row count: 1,000,000 (missing stats)
│
├── • scan
│     columns: (a, b)
│     estimated row count: 1,000 (missing stats)
│     table: t@primary
│     spans: FULL SCAN
│
└── • scan
      columns: (a, c)
      estimated row count: 1,000 (missing stats)
      table: u@primary
      spans: FULL SCAN
      locking strength: for update

# ------------------------------------------------------------------------------
# Tests with the NOWAIT lock wait policy.
# ------------------------------------------------------------------------------

query T
EXPLAIN (VERBOSE) SELECT * FROM t FOR UPDATE NOWAIT
----
distribution: local
vectorized: true
·
• scan
  columns: (a, b)
  estimated row count: 1,000 (missing stats)
  table: t@primary
  spans: FULL SCAN
  locking strength: for update
  locking wait policy: nowait

query T
EXPLAIN (VERBOSE) SELECT * FROM t FOR NO KEY UPDATE NOWAIT
----
distribution: local
vectorized: true
·
• scan
  columns: (a, b)
  estimated row count: 1,000 (missing stats)
  table: t@primary
  spans: FULL SCAN
  locking strength: for no key update
  locking wait policy: nowait

query T
EXPLAIN (VERBOSE) SELECT * FROM t FOR SHARE NOWAIT
----
distribution: local
vectorized: true
·
• scan
  columns: (a, b)
  estimated row count: 1,000 (missing stats)
  table: t@primary
  spans: FULL SCAN
  locking strength: for share
  locking wait policy: nowait

query T
EXPLAIN (VERBOSE) SELECT * FROM t FOR KEY SHARE NOWAIT
----
distribution: local
vectorized: true
·
• scan
  columns: (a, b)
  estimated row count: 1,000 (missing stats)
  table: t@primary
  spans: FULL SCAN
  locking strength: for key share
  locking wait policy: nowait

query T
EXPLAIN (VERBOSE) SELECT * FROM t FOR KEY SHARE FOR SHARE NOWAIT
----
distribution: local
vectorized: true
·
• scan
  columns: (a, b)
  estimated row count: 1,000 (missing stats)
  table: t@primary
  spans: FULL SCAN
  locking strength: for share
  locking wait policy: nowait

query T
EXPLAIN (VERBOSE) SELECT * FROM t FOR KEY SHARE FOR SHARE NOWAIT FOR NO KEY UPDATE
----
distribution: local
vectorized: true
·
• scan
  columns: (a, b)
  estimated row count: 1,000 (missing stats)
  table: t@primary
  spans: FULL SCAN
  locking strength: for no key update
  locking wait policy: nowait

query T
EXPLAIN (VERBOSE) SELECT * FROM t FOR KEY SHARE FOR SHARE NOWAIT FOR NO KEY UPDATE FOR UPDATE NOWAIT
----
distribution: local
vectorized: true
·
• scan
  columns: (a, b)
  estimated row count: 1,000 (missing stats)
  table: t@primary
  spans: FULL SCAN
  locking strength: for update
  locking wait policy: nowait

query T
EXPLAIN (VERBOSE) SELECT * FROM t FOR UPDATE OF t NOWAIT
----
distribution: local
vectorized: true
·
• scan
  columns: (a, b)
  estimated row count: 1,000 (missing stats)
  table: t@primary
  spans: FULL SCAN
  locking strength: for update
  locking wait policy: nowait

query error pgcode 42P01 relation "t2" in FOR UPDATE clause not found in FROM clause
EXPLAIN (VERBOSE) SELECT * FROM t FOR UPDATE OF t2 NOWAIT

query T
EXPLAIN (VERBOSE) SELECT 1 FROM t FOR UPDATE OF t NOWAIT
----
distribution: local
vectorized: true
·
• render
│ columns: ("?column?")
│ estimated row count: 1,000 (missing stats)
│ render ?column?: 1
│
└── • scan
      columns: ()
      estimated row count: 1,000 (missing stats)
      table: t@primary
      spans: FULL SCAN
      locking strength: for update
      locking wait policy: nowait

query T
EXPLAIN (VERBOSE) SELECT * FROM t WHERE a = 1 FOR UPDATE NOWAIT
----
distribution: local
vectorized: true
·
• scan
  columns: (a, b)
  estimated row count: 1 (missing stats)
  table: t@primary
  spans: /1/0
  locking strength: for update
  locking wait policy: nowait

query T
EXPLAIN (VERBOSE) SELECT * FROM t WHERE a = 1 FOR NO KEY UPDATE NOWAIT
----
distribution: local
vectorized: true
·
• scan
  columns: (a, b)
  estimated row count: 1 (missing stats)
  table: t@primary
  spans: /1/0
  locking strength: for no key update
  locking wait policy: nowait

query T
EXPLAIN (VERBOSE) SELECT * FROM t WHERE a = 1 FOR SHARE NOWAIT
----
distribution: local
vectorized: true
·
• scan
  columns: (a, b)
  estimated row count: 1 (missing stats)
  table: t@primary
  spans: /1/0
  locking strength: for share
  locking wait policy: nowait

query T
EXPLAIN (VERBOSE) SELECT * FROM t WHERE a = 1 FOR KEY SHARE NOWAIT
----
distribution: local
vectorized: true
·
• scan
  columns: (a, b)
  estimated row count: 1 (missing stats)
  table: t@primary
  spans: /1/0
  locking strength: for key share
  locking wait policy: nowait

query T
EXPLAIN (VERBOSE) SELECT * FROM t WHERE a = 1 FOR KEY SHARE FOR SHARE NOWAIT
----
distribution: local
vectorized: true
·
• scan
  columns: (a, b)
  estimated row count: 1 (missing stats)
  table: t@primary
  spans: /1/0
  locking strength: for share
  locking wait policy: nowait

query T
EXPLAIN (VERBOSE) SELECT * FROM t WHERE a = 1 FOR KEY SHARE FOR SHARE FOR NO KEY UPDATE NOWAIT
----
distribution: local
vectorized: true
·
• scan
  columns: (a, b)
  estimated row count: 1 (missing stats)
  table: t@primary
  spans: /1/0
  locking strength: for no key update
  locking wait policy: nowait

query T
EXPLAIN (VERBOSE) SELECT * FROM t WHERE a = 1 FOR KEY SHARE FOR SHARE FOR NO KEY UPDATE FOR UPDATE NOWAIT
----
distribution: local
vectorized: true
·
• scan
  columns: (a, b)
  estimated row count: 1 (missing stats)
  table: t@primary
  spans: /1/0
  locking strength: for update
  locking wait policy: nowait

query T
EXPLAIN (VERBOSE) SELECT * FROM t WHERE a = 1 FOR UPDATE OF t NOWAIT
----
distribution: local
vectorized: true
·
• scan
  columns: (a, b)
  estimated row count: 1 (missing stats)
  table: t@primary
  spans: /1/0
  locking strength: for update
  locking wait policy: nowait

query error pgcode 42P01 relation "t2" in FOR UPDATE clause not found in FROM clause
EXPLAIN (VERBOSE) SELECT * FROM t WHERE a = 1 FOR UPDATE OF t2 NOWAIT

query T
EXPLAIN (VERBOSE) SELECT 1 FROM t WHERE a = 1 FOR UPDATE OF t NOWAIT
----
distribution: local
vectorized: true
·
• render
│ columns: ("?column?")
│ estimated row count: 1 (missing stats)
│ render ?column?: 1
│
└── • scan
      columns: (a)
      estimated row count: 1 (missing stats)
      table: t@primary
      spans: /1/0
      locking strength: for update
      locking wait policy: nowait
